<?xml version="1.0" encoding="utf-8"?>
<TestRun id="1b19d134-c335-4b4f-bb9d-b31b1f21c9b9" name="Kaio@DESKTOP-N9MK9U5 2026-08-17 12:48:31" runUser="DESKTOP-N9MK9U5\Kaio" xmlns="http://microsoft.com/schemas/VisualStudio/TeamTest/2010">
  <Times creation="2026-08-17T12:48:31.2330303-03:00" queuing="2026-08-17T12:48:31.2330305-03:00" start="2026-08-17T12:48:30.4595717-03:00" finish="2026-08-17T12:48:31.3557754-03:00" />
  <TestSettings name="default" id="c4c7e693-f0b4-4b60-a1d5-0e64102b6d19">
    <Deployment runDeploymentRoot="Kaio_DESKTOP-N9MK9U5_2026-08-17_12_48_31" />
  </TestSettings>
  <Results>
    <UnitTestResult executionId="b1fbc247-92f4-4a72-aa94-6a63281fdc51" testId="09e02b2c-0715-9272-0d8d-44a1974a14d0" testName="Cep: obrigatório -&gt; CEP_OBRIGATORIO(input: &quot;&quot;)" computerName="DESKTOP-N9MK9U5" duration="00:00:00.0002239" startTime="2026-08-17T12:48:31.2804323-03:00" endTime="2026-08-17T12:48:31.2811586-03:00" testType="13cdc9d9-ddb5-4fa4-a97d-d965ccfc6d4b" outcome="Passed" testListId="8c84fa94-04c1-424b-9868-57a2d4851a1d" relativeResultsDirectory="b1fbc247-92f4-4a72-aa94-6a63281fdc51" />
    <UnitTestResult executionId="f05c2149-9e16-4655-b50a-8f27a995cf05" testId="d7ebe7f4-2096-fd63-b116-4403f130d3ce" testName="Logradouro: padrão CEP com hífen" computerName="DESKTOP-N9MK9U5" duration="00:00:00.0002070" startTime="2026-08-17T12:48:31.2005790-03:00" endTime="2026-08-17T12:48:31.2006072-03:00" testType="13cdc9d9-ddb5-4fa4-a97d-d965ccfc6d4b" outcome="Passed" testListId="8c84fa94-04c1-424b-9868-57a2d4851a1d" relativeResultsDirectory="f05c2149-9e16-4655-b50a-8f27a995cf05" />
    <UnitTestResult executionId="9c49bda0-27cb-4281-b124-80602df381de" testId="740bdbc9-c1bc-437b-6417-8ac94de5fe52" testName="Colaborador: tipos diferentes (Atendente, Instrutor)(tipo: Instrutor)" computerName="DESKTOP-N9MK9U5" duration="00:00:00.0049861" startTime="2026-08-17T12:48:31.2318790-03:00" endTime="2026-08-17T12:48:31.2370721-03:00" testType="13cdc9d9-ddb5-4fa4-a97d-d965ccfc6d4b" outcome="Passed" testListId="8c84fa94-04c1-424b-9868-57a2d4851a1d" relativeResultsDirectory="9c49bda0-27cb-4281-b124-80602df381de" />
    <UnitTestResult executionId="1f2169ad-105b-4381-a52c-63ab96976599" testId="19d07b96-1d96-56d2-0ee8-27fb9a599311" testName="Senha: obrigatório -&gt; SENHA_OBRIGATORIO(input: &quot;&quot;)" computerName="DESKTOP-N9MK9U5" duration="00:00:00.0025188" startTime="2026-08-17T12:48:31.2617382-03:00" endTime="2026-08-17T12:48:31.2669519-03:00" testType="13cdc9d9-ddb5-4fa4-a97d-d965ccfc6d4b" outcome="Failed" testListId="8c84fa94-04c1-424b-9868-57a2d4851a1d" relativeResultsDirectory="1f2169ad-105b-4381-a52c-63ab96976599">
      <Output>
        <ErrorInfo>
          <Message>Assert.Contains() Failure: Filter not matched in collection&#xD;
Collection: [Notification { Propriedade = Senha, Mensagem = SENHA_OBRIGATORIA }]</Message>
          <StackTrace>   at AcademiaDoZe.Domain.Tests.ValueObjects.ValueObjectsTests.Deve_Falhar_Criacao_Quando_SenhaNulaOuVazia(String input) in C:\workplace\academiaZe\AcademiaDoZe.Domain.Tests\ValueObjects\ValueObjectsTests.cs:line 151&#xD;
   at System.Reflection.MethodBaseInvoker.InterpretedInvoke_Method(Object obj, IntPtr* args)&#xD;
   at System.Reflection.MethodBaseInvoker.InvokeDirectByRefWithFewArgs(Object obj, Span`1 copyOfArgs, BindingFlags invokeAttr)</StackTrace>
        </ErrorInfo>
      </Output>
    </UnitTestResult>
    <UnitTestResult executionId="d042ee6a-ac99-4e92-9c0b-9e62075be025" testId="8c13f3f1-741d-7f33-284d-3dcaa4858437" testName="Colaborador: criação válida como CLT" computerName="DESKTOP-N9MK9U5" duration="00:00:00.0001947" startTime="2026-08-17T12:48:31.2433650-03:00" endTime="2026-08-17T12:48:31.2435804-03:00" testType="13cdc9d9-ddb5-4fa4-a97d-d965ccfc6d4b" outcome="Passed" testListId="8c84fa94-04c1-424b-9868-57a2d4851a1d" relativeResultsDirectory="d042ee6a-ac99-4e92-9c0b-9e62075be025" />
    <UnitTestResult executionId="5c5cc4ec-5610-4e7a-a480-1a50698c96dd" testId="2306eb67-1af2-643b-3405-956f482a3af4" testName="Aluno: números de endereço(numero: &quot;1&quot;)" computerName="DESKTOP-N9MK9U5" duration="00:00:00.0000206" startTime="2026-08-17T12:48:31.2004070-03:00" endTime="2026-08-17T12:48:31.2004347-03:00" testType="13cdc9d9-ddb5-4fa4-a97d-d965ccfc6d4b" outcome="Passed" testListId="8c84fa94-04c1-424b-9868-57a2d4851a1d" relativeResultsDirectory="5c5cc4ec-5610-4e7a-a480-1a50698c96dd" />
    <UnitTestResult executionId="6d546771-a931-4068-bb06-4b0bf1613eb1" testId="517608a2-f651-64e6-76a6-c1c42df741c8" testName="Arquivo: validar tamanho máximo(size: 1000)" computerName="DESKTOP-N9MK9U5" duration="00:00:00.0001242" startTime="2026-08-17T12:48:31.2476354-03:00" endTime="2026-08-17T12:48:31.2488422-03:00" testType="13cdc9d9-ddb5-4fa4-a97d-d965ccfc6d4b" outcome="Passed" testListId="8c84fa94-04c1-424b-9868-57a2d4851a1d" relativeResultsDirectory="6d546771-a931-4068-bb06-4b0bf1613eb1" />
    <UnitTestResult executionId="4a29bbe1-d3e2-4374-bf86-aa7bc1a898fb" testId="ff1c08e2-50f2-6f0b-bc95-458089cfd7a5" testName="Cep: formatos válidos (com e sem hífen)(input: &quot;12345-678&quot;)" computerName="DESKTOP-N9MK9U5" duration="00:00:00.0001797" startTime="2026-08-17T12:48:31.2601611-03:00" endTime="2026-08-17T12:48:31.2602088-03:00" testType="13cdc9d9-ddb5-4fa4-a97d-d965ccfc6d4b" outcome="Passed" testListId="8c84fa94-04c1-424b-9868-57a2d4851a1d" relativeResultsDirectory="4a29bbe1-d3e2-4374-bf86-aa7bc1a898fb" />
    <UnitTestResult executionId="f2a25bbe-82ea-4375-9ab7-6ed8303a0c31" testId="87ec1c54-96a9-404d-ba34-ad0dd889cb78" testName="Email: valida presença de @(input: &quot;@@example.com&quot;)" computerName="DESKTOP-N9MK9U5" duration="00:00:00.0003643" startTime="2026-08-17T12:48:31.2280612-03:00" endTime="2026-08-17T12:48:31.2281178-03:00" testType="13cdc9d9-ddb5-4fa4-a97d-d965ccfc6d4b" outcome="Passed" testListId="8c84fa94-04c1-424b-9868-57a2d4851a1d" relativeResultsDirectory="f2a25bbe-82ea-4375-9ab7-6ed8303a0c31" />
    <UnitTestResult executionId="c277abfd-4844-4607-8734-26d72eb01972" testId="b34a9654-d59c-f015-c92f-3328b7e5358b" testName="ParaMaiusculo: normaliza para maiúsculas(input: &quot;MiXtO&quot;, esperado: &quot;MIXTO&quot;)" computerName="DESKTOP-N9MK9U5" duration="00:00:00.0001847" startTime="2026-08-17T12:48:31.2106143-03:00" endTime="2026-08-17T12:48:31.2106479-03:00" testType="13cdc9d9-ddb5-4fa4-a97d-d965ccfc6d4b" outcome="Passed" testListId="8c84fa94-04c1-424b-9868-57a2d4851a1d" relativeResultsDirectory="c277abfd-4844-4607-8734-26d72eb01972" />
    <UnitTestResult executionId="7bd241e0-9278-49f2-a8dc-bbaf5260762e" testId="7b692072-887d-c5ce-f2e0-7c9dee1635a2" testName="Colaborador: vínculo diferente (Estágio)(vinculo: Estagio)" computerName="DESKTOP-N9MK9U5" duration="00:00:00.0002145" startTime="2026-08-17T12:48:31.2437430-03:00" endTime="2026-08-17T12:48:31.2448341-03:00" testType="13cdc9d9-ddb5-4fa4-a97d-d965ccfc6d4b" outcome="Passed" testListId="8c84fa94-04c1-424b-9868-57a2d4851a1d" relativeResultsDirectory="7bd241e0-9278-49f2-a8dc-bbaf5260762e" />
    <UnitTestResult executionId="d97902a0-3cc3-4237-b3ef-419fe6f3134b" testId="d806e2a0-6ee2-96a1-ee9a-e252d84147e1" testName="Telefone: formatos variados(input: &quot;11987654321&quot;)" computerName="DESKTOP-N9MK9U5" duration="00:00:00.0001296" startTime="2026-08-17T12:48:31.2698747-03:00" endTime="2026-08-17T12:48:31.2701104-03:00" testType="13cdc9d9-ddb5-4fa4-a97d-d965ccfc6d4b" outcome="Passed" testListId="8c84fa94-04c1-424b-9868-57a2d4851a1d" relativeResultsDirectory="d97902a0-3cc3-4237-b3ef-419fe6f3134b" />
    <UnitTestResult executionId="6bd18d24-5c1e-4fc1-8b86-8a1c95ad1a29" testId="5b525424-14e0-b621-0865-c1e07dbc798d" testName="Logradouro: cidades diversas(cidade: &quot;Rio de Janeiro&quot;)" computerName="DESKTOP-N9MK9U5" duration="00:00:00.0002464" startTime="2026-08-17T12:48:31.1610155-03:00" endTime="2026-08-17T12:48:31.1610712-03:00" testType="13cdc9d9-ddb5-4fa4-a97d-d965ccfc6d4b" outcome="Passed" testListId="8c84fa94-04c1-424b-9868-57a2d4851a1d" relativeResultsDirectory="6bd18d24-5c1e-4fc1-8b86-8a1c95ad1a29" />
    <UnitTestResult executionId="f9e0dde2-c9ee-45ac-9c48-eb01cf48e39d" testId="863fd108-db13-b38e-5ffd-14483ab5f54b" testName="AcessoAluno: horários válidos(hora: 6)" computerName="DESKTOP-N9MK9U5" duration="00:00:00.0000378" startTime="2026-08-17T12:48:31.2570535-03:00" endTime="2026-08-17T12:48:31.2571202-03:00" testType="13cdc9d9-ddb5-4fa4-a97d-d965ccfc6d4b" outcome="Failed" testListId="8c84fa94-04c1-424b-9868-57a2d4851a1d" relativeResultsDirectory="f9e0dde2-c9ee-45ac-9c48-eb01cf48e39d">
      <Output>
        <ErrorInfo>
          <Message>Assert.True() Failure&#xD;
Expected: True&#xD;
Actual:   False</Message>
          <StackTrace>   at AcademiaDoZe.Domain.Tests.Entities.AcessoAlunoTests.Deve_Criar_AcessoAluno_Em_Horarios_Validos(Int32 hora) in C:\workplace\academiaZe\AcademiaDoZe.Domain.Tests\Entities\AcessoAlunoTests.cs:line 45&#xD;
   at InvokeStub_AcessoAlunoTests.Deve_Criar_AcessoAluno_Em_Horarios_Validos(Object, Span`1)&#xD;
   at System.Reflection.MethodBaseInvoker.InvokeWithOneArg(Object obj, BindingFlags invokeAttr, Binder binder, Object[] parameters, CultureInfo culture)</StackTrace>
        </ErrorInfo>
      </Output>
    </UnitTestResult>
    <UnitTestResult executionId="d62fa669-4e0e-4830-998c-cabacb87360d" testId="7ce8051a-a6d8-8475-3d8f-b12a4f4d7262" testName="Cep: criação com dígitos válidos(input: &quot;12345-678&quot;, esperado: &quot;12345678&quot;)" computerName="DESKTOP-N9MK9U5" duration="00:00:00.0001108" startTime="2026-08-17T12:48:31.2722050-03:00" endTime="2026-08-17T12:48:31.2722318-03:00" testType="13cdc9d9-ddb5-4fa4-a97d-d965ccfc6d4b" outcome="Passed" testListId="8c84fa94-04c1-424b-9868-57a2d4851a1d" relativeResultsDirectory="d62fa669-4e0e-4830-998c-cabacb87360d" />
    <UnitTestResult executionId="30b65bc1-3017-476a-bd4f-a6ceac1fc9ab" testId="9ecfd580-4cc8-06f6-3c9f-53910d00a7c1" testName="Matrícula: criação válida para aluno maior de idade" computerName="DESKTOP-N9MK9U5" duration="00:00:00.0012829" startTime="2026-08-17T12:48:31.2724741-03:00" endTime="2026-08-17T12:48:31.2738382-03:00" testType="13cdc9d9-ddb5-4fa4-a97d-d965ccfc6d4b" outcome="Failed" testListId="8c84fa94-04c1-424b-9868-57a2d4851a1d" relativeResultsDirectory="30b65bc1-3017-476a-bd4f-a6ceac1fc9ab">
      <Output>
        <ErrorInfo>
          <Message>Assert.True() Failure&#xD;
Expected: True&#xD;
Actual:   False</Message>
          <StackTrace>   at AcademiaDoZe.Domain.Tests.Entities.MatriculaTests.Deve_Criar_Matricula_Para_Aluno_Maior_Idade() in C:\workplace\academiaZe\AcademiaDoZe.Domain.Tests\Entities\MatriculaTests.cs:line 22&#xD;
   at System.Reflection.MethodBaseInvoker.InterpretedInvoke_Method(Object obj, IntPtr* args)&#xD;
   at System.Reflection.MethodBaseInvoker.InvokeWithNoArgs(Object obj, BindingFlags invokeAttr)</StackTrace>
        </ErrorInfo>
      </Output>
    </UnitTestResult>
    <UnitTestResult executionId="ffd6d457-240a-43ba-b662-ac244aecba94" testId="f718fcaa-1c19-6ef9-66c7-8b2cc0073e17" testName="Logradouro: estados brasileiros(estado: &quot;MG&quot;)" computerName="DESKTOP-N9MK9U5" duration="00:00:00.0000047" startTime="2026-08-17T12:48:31.2001482-03:00" endTime="2026-08-17T12:48:31.2001767-03:00" testType="13cdc9d9-ddb5-4fa4-a97d-d965ccfc6d4b" outcome="Passed" testListId="8c84fa94-04c1-424b-9868-57a2d4851a1d" relativeResultsDirectory="ffd6d457-240a-43ba-b662-ac244aecba94" />
    <UnitTestResult executionId="d0aa174b-7afd-46e9-a15a-5eb4a7f4c0e4" testId="979cdddb-86f6-c4ed-540f-64838bf72efc" testName="ParaMaiusculo: caracteres especiais(input: &quot;café&quot;, esperado: &quot;CAFÉ&quot;)" computerName="DESKTOP-N9MK9U5" duration="00:00:00.0001555" startTime="2026-08-17T12:48:31.2533026-03:00" endTime="2026-08-17T12:48:31.2533641-03:00" testType="13cdc9d9-ddb5-4fa4-a97d-d965ccfc6d4b" outcome="Passed" testListId="8c84fa94-04c1-424b-9868-57a2d4851a1d" relativeResultsDirectory="d0aa174b-7afd-46e9-a15a-5eb4a7f4c0e4" />
    <UnitTestResult executionId="0bc1f55f-7b05-4ffb-bbd2-a6552f9b0c08" testId="50259068-e8b7-c721-a16f-53642dfa2ca9" testName="LimparEspacos: preserva conteúdo(input: &quot;x     y&quot;, esperado: &quot;x y&quot;)" computerName="DESKTOP-N9MK9U5" duration="00:00:00.0001465" startTime="2026-08-17T12:48:31.2536374-03:00" endTime="2026-08-17T12:48:31.2537320-03:00" testType="13cdc9d9-ddb5-4fa4-a97d-d965ccfc6d4b" outcome="Passed" testListId="8c84fa94-04c1-424b-9868-57a2d4851a1d" relativeResultsDirectory="0bc1f55f-7b05-4ffb-bbd2-a6552f9b0c08" />
    <UnitTestResult executionId="3e880f79-c1a8-4390-ac20-20681029eaf6" testId="9ffb7238-2c67-fa56-d5dc-4deb1a586f7d" testName="Senha: obrigatório -&gt; SENHA_OBRIGATORIO(input: null)" computerName="DESKTOP-N9MK9U5" duration="00:00:00.0002447" startTime="2026-08-17T12:48:31.2672779-03:00" endTime="2026-08-17T12:48:31.2691319-03:00" testType="13cdc9d9-ddb5-4fa4-a97d-d965ccfc6d4b" outcome="Failed" testListId="8c84fa94-04c1-424b-9868-57a2d4851a1d" relativeResultsDirectory="3e880f79-c1a8-4390-ac20-20681029eaf6">
      <Output>
        <ErrorInfo>
          <Message>Assert.Contains() Failure: Filter not matched in collection&#xD;
Collection: [Notification { Propriedade = Senha, Mensagem = SENHA_OBRIGATORIA }]</Message>
          <StackTrace>   at AcademiaDoZe.Domain.Tests.ValueObjects.ValueObjectsTests.Deve_Falhar_Criacao_Quando_SenhaNulaOuVazia(String input) in C:\workplace\academiaZe\AcademiaDoZe.Domain.Tests\ValueObjects\ValueObjectsTests.cs:line 151&#xD;
   at InvokeStub_ValueObjectsTests.Deve_Falhar_Criacao_Quando_SenhaNulaOuVazia(Object, Span`1)&#xD;
   at System.Reflection.MethodBaseInvoker.InvokeWithOneArg(Object obj, BindingFlags invokeAttr, Binder binder, Object[] parameters, CultureInfo culture)</StackTrace>
        </ErrorInfo>
      </Output>
    </UnitTestResult>
    <UnitTestResult executionId="1d6c3db8-1724-4f4f-bcc1-390538e6e652" testId="5b2ab8cf-a586-f71a-4584-39558d6f29cb" testName="Aluno: email inválido" computerName="DESKTOP-N9MK9U5" duration="00:00:00.0001575" startTime="2026-08-17T12:48:31.2667294-03:00" endTime="2026-08-17T12:48:31.2667731-03:00" testType="13cdc9d9-ddb5-4fa4-a97d-d965ccfc6d4b" outcome="Passed" testListId="8c84fa94-04c1-424b-9868-57a2d4851a1d" relativeResultsDirectory="1d6c3db8-1724-4f4f-bcc1-390538e6e652" />
    <UnitTestResult executionId="0ddd9352-cd64-4807-b86d-28ddf8231d09" testId="5efaece6-50f3-9d5e-8284-e10a9e276905" testName="Matrícula: com restrições médicas requer laudo" computerName="DESKTOP-N9MK9U5" duration="00:00:00.0001451" startTime="2026-08-17T12:48:31.2824370-03:00" endTime="2026-08-17T12:48:31.2824857-03:00" testType="13cdc9d9-ddb5-4fa4-a97d-d965ccfc6d4b" outcome="Passed" testListId="8c84fa94-04c1-424b-9868-57a2d4851a1d" relativeResultsDirectory="0ddd9352-cd64-4807-b86d-28ddf8231d09" />
    <UnitTestResult executionId="fe8eb510-f3f8-484e-9978-c51a6f700659" testId="dd41590f-1ddd-7730-cc4d-7b58ab33f0c4" testName="Email: valida domínio(input: &quot;user@..com&quot;)" computerName="DESKTOP-N9MK9U5" duration="00:00:00.0000766" startTime="2026-08-17T12:48:31.2303896-03:00" endTime="2026-08-17T12:48:31.2305734-03:00" testType="13cdc9d9-ddb5-4fa4-a97d-d965ccfc6d4b" outcome="Passed" testListId="8c84fa94-04c1-424b-9868-57a2d4851a1d" relativeResultsDirectory="fe8eb510-f3f8-484e-9978-c51a6f700659" />
    <UnitTestResult executionId="2552d19c-6488-4b34-bcfe-8cc99cfd4b17" testId="6a9e8f37-73e7-9b3b-6ec7-435379595017" testName="Logradouro: validação de país" computerName="DESKTOP-N9MK9U5" duration="00:00:00.0000915" startTime="2026-08-17T12:48:31.2327818-03:00" endTime="2026-08-17T12:48:31.2328296-03:00" testType="13cdc9d9-ddb5-4fa4-a97d-d965ccfc6d4b" outcome="Passed" testListId="8c84fa94-04c1-424b-9868-57a2d4851a1d" relativeResultsDirectory="2552d19c-6488-4b34-bcfe-8cc99cfd4b17" />
    <UnitTestResult executionId="e6998fab-0a49-471a-8a3d-46140bb9d6ee" testId="70f5f139-e145-cdc1-6508-e5aa54db0687" testName="Email: formatos inválidos(input: &quot;user.domain.com&quot;)" computerName="DESKTOP-N9MK9U5" duration="00:00:00.0000043" startTime="2026-08-17T12:48:31.2412602-03:00" endTime="2026-08-17T12:48:31.2413534-03:00" testType="13cdc9d9-ddb5-4fa4-a97d-d965ccfc6d4b" outcome="Passed" testListId="8c84fa94-04c1-424b-9868-57a2d4851a1d" relativeResultsDirectory="e6998fab-0a49-471a-8a3d-46140bb9d6ee" />
    <UnitTestResult executionId="bf170815-da7c-41a3-9f96-0ee40641dd09" testId="7bdf7098-2da2-b572-2f7f-f8e48ee6238f" testName="Logradouro: cidades diversas(cidade: &quot;Salvador&quot;)" computerName="DESKTOP-N9MK9U5" duration="00:00:00.0000080" startTime="2026-08-17T12:48:31.1615846-03:00" endTime="2026-08-17T12:48:31.1616200-03:00" testType="13cdc9d9-ddb5-4fa4-a97d-d965ccfc6d4b" outcome="Passed" testListId="8c84fa94-04c1-424b-9868-57a2d4851a1d" relativeResultsDirectory="bf170815-da7c-41a3-9f96-0ee40641dd09" />
    <UnitTestResult executionId="0bd9b539-1977-46e8-b203-76cb4a727ab1" testId="74b0358d-8b77-7d27-1c79-b8efa7e94181" testName="AcessoAluno: rejeita acesso depois das 22h" computerName="DESKTOP-N9MK9U5" duration="00:00:00.0004576" startTime="2026-08-17T12:48:31.2545032-03:00" endTime="2026-08-17T12:48:31.2548477-03:00" testType="13cdc9d9-ddb5-4fa4-a97d-d965ccfc6d4b" outcome="Passed" testListId="8c84fa94-04c1-424b-9868-57a2d4851a1d" relativeResultsDirectory="0bd9b539-1977-46e8-b203-76cb4a727ab1" />
    <UnitTestResult executionId="d830f913-f731-4b1c-bd0c-d4cd1528b9e3" testId="b14648ce-bab3-76f6-cef8-462fa1a90933" testName="Colaborador: idade mínima 12 anos" computerName="DESKTOP-N9MK9U5" duration="00:00:00.0001785" startTime="2026-08-17T12:48:31.2429530-03:00" endTime="2026-08-17T12:48:31.2431889-03:00" testType="13cdc9d9-ddb5-4fa4-a97d-d965ccfc6d4b" outcome="Passed" testListId="8c84fa94-04c1-424b-9868-57a2d4851a1d" relativeResultsDirectory="d830f913-f731-4b1c-bd0c-d4cd1528b9e3" />
    <UnitTestResult executionId="3aadf51e-439b-457d-bb9b-9924bacfb385" testId="0378ed27-62e8-4ac3-d6b5-70b1a77641de" testName="LimparTodosEspacos: remove todos os espaços(input: &quot;a b c&quot;, esperado: &quot;abc&quot;)" computerName="DESKTOP-N9MK9U5" duration="00:00:00.0001646" startTime="2026-08-17T12:48:31.2108891-03:00" endTime="2026-08-17T12:48:31.2109173-03:00" testType="13cdc9d9-ddb5-4fa4-a97d-d965ccfc6d4b" outcome="Passed" testListId="8c84fa94-04c1-424b-9868-57a2d4851a1d" relativeResultsDirectory="3aadf51e-439b-457d-bb9b-9924bacfb385" />
    <UnitTestResult executionId="0d82a322-c8ec-4160-b30d-c38b9d2d298e" testId="608bc470-92cb-b9a1-84dc-dbca43e6e31e" testName="AcessoColaborador: múltiplos horários(hora: 19)" computerName="DESKTOP-N9MK9U5" duration="00:00:00.0000455" startTime="2026-08-17T12:48:31.2145256-03:00" endTime="2026-08-17T12:48:31.2145553-03:00" testType="13cdc9d9-ddb5-4fa4-a97d-d965ccfc6d4b" outcome="Failed" testListId="8c84fa94-04c1-424b-9868-57a2d4851a1d" relativeResultsDirectory="0d82a322-c8ec-4160-b30d-c38b9d2d298e">
      <Output>
        <ErrorInfo>
          <Message>Assert.True() Failure&#xD;
Expected: True&#xD;
Actual:   False</Message>
          <StackTrace>   at AcademiaDoZe.Domain.Tests.Entities.AcessoColaboradorTests.Deve_Criar_AcessoColaborador_Em_Varios_Horarios(Int32 hora) in C:\workplace\academiaZe\AcademiaDoZe.Domain.Tests\Entities\AcessoColaboradorTests.cs:line 76&#xD;
   at InvokeStub_AcessoColaboradorTests.Deve_Criar_AcessoColaborador_Em_Varios_Horarios(Object, Span`1)&#xD;
   at System.Reflection.MethodBaseInvoker.InvokeWithOneArg(Object obj, BindingFlags invokeAttr, Binder binder, Object[] parameters, CultureInfo culture)</StackTrace>
        </ErrorInfo>
      </Output>
    </UnitTestResult>
    <UnitTestResult executionId="fdcd1def-dd10-4bbe-806a-5b668dae0702" testId="d214e94c-cae1-c9b5-1103-686b916512c9" testName="AcessoAluno: exatamente às 6h é válido" computerName="DESKTOP-N9MK9U5" duration="00:00:00.0001794" startTime="2026-08-17T12:48:31.2615418-03:00" endTime="2026-08-17T12:48:31.2617910-03:00" testType="13cdc9d9-ddb5-4fa4-a97d-d965ccfc6d4b" outcome="Failed" testListId="8c84fa94-04c1-424b-9868-57a2d4851a1d" relativeResultsDirectory="fdcd1def-dd10-4bbe-806a-5b668dae0702">
      <Output>
        <ErrorInfo>
          <Message>Assert.True() Failure&#xD;
Expected: True&#xD;
Actual:   False</Message>
          <StackTrace>   at AcademiaDoZe.Domain.Tests.Entities.AcessoAlunoTests.Deve_Criar_AcessoAluno_Exatamente_6h() in C:\workplace\academiaZe\AcademiaDoZe.Domain.Tests\Entities\AcessoAlunoTests.cs:line 54&#xD;
   at System.Reflection.MethodBaseInvoker.InterpretedInvoke_Method(Object obj, IntPtr* args)&#xD;
   at System.Reflection.MethodBaseInvoker.InvokeWithNoArgs(Object obj, BindingFlags invokeAttr)</StackTrace>
        </ErrorInfo>
      </Output>
    </UnitTestResult>
    <UnitTestResult executionId="06ecd973-45c6-40c1-ac3b-39c3fe2ed97b" testId="bf699c6e-61d7-107a-3e01-980712e08c5c" testName="LimparEDigitos: remove todos os números(input: &quot;987654321&quot;, esperado: &quot;&quot;)" computerName="DESKTOP-N9MK9U5" duration="00:00:00.0000462" startTime="2026-08-17T12:48:31.2467127-03:00" endTime="2026-08-17T12:48:31.2468934-03:00" testType="13cdc9d9-ddb5-4fa4-a97d-d965ccfc6d4b" outcome="Failed" testListId="8c84fa94-04c1-424b-9868-57a2d4851a1d" relativeResultsDirectory="06ecd973-45c6-40c1-ac3b-39c3fe2ed97b">
      <Output>
        <ErrorInfo>
          <Message>Assert.Equal() Failure: Strings differ&#xD;
Expected: ""&#xD;
Actual:   "987654321"&#xD;
           ↑ (pos 0)</Message>
          <StackTrace>   at AcademiaDoZe.Domain.Tests.Services.NormalizacaoServiceAdvancedTests.Deve_Remover_Todos_Digitos(String input, String esperado) in C:\workplace\academiaZe\AcademiaDoZe.Domain.Tests\Services\NormalizacaoServiceAdvancedTests.cs:line 45&#xD;
   at InvokeStub_NormalizacaoServiceAdvancedTests.Deve_Remover_Todos_Digitos(Object, Span`1)&#xD;
   at System.Reflection.MethodBaseInvoker.InvokeWithFewArgs(Object obj, BindingFlags invokeAttr, Binder binder, Object[] parameters, CultureInfo culture)</StackTrace>
        </ErrorInfo>
      </Output>
    </UnitTestResult>
    <UnitTestResult executionId="3cde71bb-8137-4c18-87c6-1f9701d8c0af" testId="44dfa23f-98c3-da37-678e-d76b48f6acbe" testName="AcessoAluno: rejeita acesso antes das 6h" computerName="DESKTOP-N9MK9U5" duration="00:00:00.0001272" startTime="2026-08-17T12:48:31.2646035-03:00" endTime="2026-08-17T12:48:31.2646510-03:00" testType="13cdc9d9-ddb5-4fa4-a97d-d965ccfc6d4b" outcome="Passed" testListId="8c84fa94-04c1-424b-9868-57a2d4851a1d" relativeResultsDirectory="3cde71bb-8137-4c18-87c6-1f9701d8c0af" />
    <UnitTestResult executionId="9bf94cc9-121f-40c5-b2fa-606828278323" testId="286583d2-09db-e45c-ab2e-6584e2ed996b" testName="Logradouro: criação válida" computerName="DESKTOP-N9MK9U5" duration="00:00:00.0001074" startTime="2026-08-17T12:48:31.2326086-03:00" endTime="2026-08-17T12:48:31.2326596-03:00" testType="13cdc9d9-ddb5-4fa4-a97d-d965ccfc6d4b" outcome="Passed" testListId="8c84fa94-04c1-424b-9868-57a2d4851a1d" relativeResultsDirectory="9bf94cc9-121f-40c5-b2fa-606828278323" />
    <UnitTestResult executionId="9e225e07-aa4e-4157-b9d4-db219246b5bc" testId="ccf77159-7c18-5e11-034a-2fff37221357" testName="Colaborador: Administrador deve ser CLT" computerName="DESKTOP-N9MK9U5" duration="00:00:00.0002153" startTime="2026-08-17T12:48:31.2449684-03:00" endTime="2026-08-17T12:48:31.2457312-03:00" testType="13cdc9d9-ddb5-4fa4-a97d-d965ccfc6d4b" outcome="Passed" testListId="8c84fa94-04c1-424b-9868-57a2d4851a1d" relativeResultsDirectory="9e225e07-aa4e-4157-b9d4-db219246b5bc" />
    <UnitTestResult executionId="8ad204c5-7c78-44b2-8aea-5a24ea7844a7" testId="04fd02af-d84e-6669-291e-ceba2c0805a5" testName="Logradouro: bairros(bairro: &quot;Zona Leste&quot;)" computerName="DESKTOP-N9MK9U5" duration="00:00:00.0001677" startTime="2026-08-17T12:48:31.1980628-03:00" endTime="2026-08-17T12:48:31.1980922-03:00" testType="13cdc9d9-ddb5-4fa4-a97d-d965ccfc6d4b" outcome="Passed" testListId="8c84fa94-04c1-424b-9868-57a2d4851a1d" relativeResultsDirectory="8ad204c5-7c78-44b2-8aea-5a24ea7844a7" />
    <UnitTestResult executionId="a06c28b1-8fb5-4d94-a07a-c8da0b29f200" testId="4ddc88b0-1d28-6816-10a6-655adbb453e0" testName="TextoVazioOuNulo: textos com conteúdo(input: &quot;0&quot;, esperado: False)" computerName="DESKTOP-N9MK9U5" duration="00:00:00.0000036" startTime="2026-08-17T12:48:31.2445860-03:00" endTime="2026-08-17T12:48:31.2446415-03:00" testType="13cdc9d9-ddb5-4fa4-a97d-d965ccfc6d4b" outcome="Passed" testListId="8c84fa94-04c1-424b-9868-57a2d4851a1d" relativeResultsDirectory="a06c28b1-8fb5-4d94-a07a-c8da0b29f200" />
    <UnitTestResult executionId="0a420268-f367-4d4b-bad9-9a5030325e86" testId="249bb759-a7d6-5492-92a8-bc6ec9760027" testName="Aluno: nome com diferentes formatos(nome: &quot;José&quot;)" computerName="DESKTOP-N9MK9U5" duration="00:00:00.0000466" startTime="2026-08-17T12:48:31.1629890-03:00" endTime="2026-08-17T12:48:31.1630178-03:00" testType="13cdc9d9-ddb5-4fa4-a97d-d965ccfc6d4b" outcome="Passed" testListId="8c84fa94-04c1-424b-9868-57a2d4851a1d" relativeResultsDirectory="0a420268-f367-4d4b-bad9-9a5030325e86" />
    <UnitTestResult executionId="6deb7cf3-0191-4824-824e-b0bf55bce265" testId="1511b261-d674-5333-36be-c3c9a542bfe5" testName="AcessoAluno: criação válida dentro do horário" computerName="DESKTOP-N9MK9U5" duration="00:00:00.0001895" startTime="2026-08-17T12:48:31.2599860-03:00" endTime="2026-08-17T12:48:31.2609911-03:00" testType="13cdc9d9-ddb5-4fa4-a97d-d965ccfc6d4b" outcome="Failed" testListId="8c84fa94-04c1-424b-9868-57a2d4851a1d" relativeResultsDirectory="6deb7cf3-0191-4824-824e-b0bf55bce265">
      <Output>
        <ErrorInfo>
          <Message>Assert.True() Failure&#xD;
Expected: True&#xD;
Actual:   False</Message>
          <StackTrace>   at AcademiaDoZe.Domain.Tests.Entities.AcessoAlunoTests.Deve_Criar_AcessoAluno_Dentro_Do_Horario() in C:\workplace\academiaZe\AcademiaDoZe.Domain.Tests\Entities\AcessoAlunoTests.cs:line 14&#xD;
   at System.Reflection.MethodBaseInvoker.InterpretedInvoke_Method(Object obj, IntPtr* args)&#xD;
   at System.Reflection.MethodBaseInvoker.InvokeWithNoArgs(Object obj, BindingFlags invokeAttr)</StackTrace>
        </ErrorInfo>
      </Output>
    </UnitTestResult>
    <UnitTestResult executionId="64a379ee-3f03-4e6d-83e6-f80462e7df4c" testId="3247c120-5252-bd85-87cd-884981075848" testName="TextoVazioOuNulo: textos com conteúdo(input: &quot;abc&quot;, esperado: False)" computerName="DESKTOP-N9MK9U5" duration="00:00:00.0001520" startTime="2026-08-17T12:48:31.2435286-03:00" endTime="2026-08-17T12:48:31.2437938-03:00" testType="13cdc9d9-ddb5-4fa4-a97d-d965ccfc6d4b" outcome="Passed" testListId="8c84fa94-04c1-424b-9868-57a2d4851a1d" relativeResultsDirectory="64a379ee-3f03-4e6d-83e6-f80462e7df4c" />
    <UnitTestResult executionId="d0961aa6-1c5a-4ddb-8b8c-520710a76046" testId="01774ada-2000-03bd-71b2-207b75d7b169" testName="Telefone: dígitos inválidos -&gt; TELEFONE_DIGITOS(input: &quot;(1)2345&quot;)" computerName="DESKTOP-N9MK9U5" duration="00:00:00.0001191" startTime="2026-08-17T12:48:31.2598178-03:00" endTime="2026-08-17T12:48:31.2600341-03:00" testType="13cdc9d9-ddb5-4fa4-a97d-d965ccfc6d4b" outcome="Passed" testListId="8c84fa94-04c1-424b-9868-57a2d4851a1d" relativeResultsDirectory="d0961aa6-1c5a-4ddb-8b8c-520710a76046" />
    <UnitTestResult executionId="4a197726-1628-485a-8b06-e5d7e4954213" testId="a23a3c57-41c4-ebf1-97e8-3f96277ddf49" testName="LimparEspacos: textos com múltiplos espaços consecutivos(input: &quot;     a&quot;, esperado: &quot;a&quot;)" computerName="DESKTOP-N9MK9U5" duration="00:00:00.0001603" startTime="2026-08-17T12:48:31.2488154-03:00" endTime="2026-08-17T12:48:31.2491396-03:00" testType="13cdc9d9-ddb5-4fa4-a97d-d965ccfc6d4b" outcome="Passed" testListId="8c84fa94-04c1-424b-9868-57a2d4851a1d" relativeResultsDirectory="4a197726-1628-485a-8b06-e5d7e4954213" />
    <UnitTestResult executionId="84572d89-26f4-4f26-a216-5e5eb35b3482" testId="32e31c3c-0877-f8b9-db2a-a0b210fea290" testName="Endereco: criação válida com número e complemento(numero: &quot;10&quot;, complemento: &quot;Bloco A&quot;)" computerName="DESKTOP-N9MK9U5" duration="00:00:00.0022962" startTime="2026-08-17T12:48:31.2700492-03:00" endTime="2026-08-17T12:48:31.2725032-03:00" testType="13cdc9d9-ddb5-4fa4-a97d-d965ccfc6d4b" outcome="Passed" testListId="8c84fa94-04c1-424b-9868-57a2d4851a1d" relativeResultsDirectory="84572d89-26f4-4f26-a216-5e5eb35b3482" />
    <UnitTestResult executionId="b108880a-5052-43ca-b7db-977627a6ea90" testId="1de5193e-63a0-a5ab-dbf7-9ff1a386da0c" testName="Email: valida domínio(input: &quot;user@.com&quot;)" computerName="DESKTOP-N9MK9U5" duration="00:00:00.0001155" startTime="2026-08-17T12:48:31.2307284-03:00" endTime="2026-08-17T12:48:31.2309426-03:00" testType="13cdc9d9-ddb5-4fa4-a97d-d965ccfc6d4b" outcome="Passed" testListId="8c84fa94-04c1-424b-9868-57a2d4851a1d" relativeResultsDirectory="b108880a-5052-43ca-b7db-977627a6ea90" />
    <UnitTestResult executionId="e1e1586d-e27f-46bc-bb1a-ae38f00ddb0a" testId="350f43ce-5fe2-17c3-48e9-c5d92e13e464" testName="Aluno: números de endereço(numero: &quot;12345&quot;)" computerName="DESKTOP-N9MK9U5" duration="00:00:00.0000178" startTime="2026-08-17T12:48:31.2004842-03:00" endTime="2026-08-17T12:48:31.2005120-03:00" testType="13cdc9d9-ddb5-4fa4-a97d-d965ccfc6d4b" outcome="Passed" testListId="8c84fa94-04c1-424b-9868-57a2d4851a1d" relativeResultsDirectory="e1e1586d-e27f-46bc-bb1a-ae38f00ddb0a" />
    <UnitTestResult executionId="df1f77da-2b64-4ad3-8e2a-40e608561e54" testId="c0e8f280-0374-61e9-500a-7da0c517d774" testName="Cep: dígitos inválidos -&gt; CEP_DIGITOS(input: &quot;12-345&quot;)" computerName="DESKTOP-N9MK9U5" duration="00:00:00.0001061" startTime="2026-08-17T12:48:31.2564463-03:00" endTime="2026-08-17T12:48:31.2586057-03:00" testType="13cdc9d9-ddb5-4fa4-a97d-d965ccfc6d4b" outcome="Passed" testListId="8c84fa94-04c1-424b-9868-57a2d4851a1d" relativeResultsDirectory="df1f77da-2b64-4ad3-8e2a-40e608561e54" />
    <UnitTestResult executionId="21d3c9d8-d3df-4d7f-b1ab-22c029a276cd" testId="ebd7dd50-bb66-b7cf-4498-33ef295b2192" testName="Logradouro: bairros(bairro: &quot;Vila Madalena&quot;)" computerName="DESKTOP-N9MK9U5" duration="00:00:00.0000121" startTime="2026-08-17T12:48:31.1981439-03:00" endTime="2026-08-17T12:48:31.1981764-03:00" testType="13cdc9d9-ddb5-4fa4-a97d-d965ccfc6d4b" outcome="Passed" testListId="8c84fa94-04c1-424b-9868-57a2d4851a1d" relativeResultsDirectory="21d3c9d8-d3df-4d7f-b1ab-22c029a276cd" />
    <UnitTestResult executionId="bffeab57-7bda-400a-9f9c-45d80faa5fee" testId="06eabee7-ddc1-da00-7376-8b8d9127cf22" testName="Logradouro: validação de CEP(cep: &quot;123&quot;)" computerName="DESKTOP-N9MK9U5" duration="00:00:00.0008122" startTime="2026-08-17T12:48:31.2228675-03:00" endTime="2026-08-17T12:48:31.2296634-03:00" testType="13cdc9d9-ddb5-4fa4-a97d-d965ccfc6d4b" outcome="Passed" testListId="8c84fa94-04c1-424b-9868-57a2d4851a1d" relativeResultsDirectory="bffeab57-7bda-400a-9f9c-45d80faa5fee" />
    <UnitTestResult executionId="fab8f379-88f7-4a15-844c-74f72a8d8171" testId="711f0d66-ea4b-66b6-a005-7552fec32595" testName="Logradouro: nomes de rua(nomeRua: &quot;Largo do Pelourinho&quot;)" computerName="DESKTOP-N9MK9U5" duration="00:00:00.0001599" startTime="2026-08-17T12:48:31.2014020-03:00" endTime="2026-08-17T12:48:31.2015563-03:00" testType="13cdc9d9-ddb5-4fa4-a97d-d965ccfc6d4b" outcome="Passed" testListId="8c84fa94-04c1-424b-9868-57a2d4851a1d" relativeResultsDirectory="fab8f379-88f7-4a15-844c-74f72a8d8171" />
    <UnitTestResult executionId="f277c4c5-d67b-44bc-8505-0e596fa00f9d" testId="54a66fee-cbd4-793e-a6b5-a46d14061a2c" testName="Logradouro: nomes de rua(nomeRua: &quot;Rua A&quot;)" computerName="DESKTOP-N9MK9U5" duration="00:00:00.0001352" startTime="2026-08-17T12:48:31.2006735-03:00" endTime="2026-08-17T12:48:31.2007015-03:00" testType="13cdc9d9-ddb5-4fa4-a97d-d965ccfc6d4b" outcome="Passed" testListId="8c84fa94-04c1-424b-9868-57a2d4851a1d" relativeResultsDirectory="f277c4c5-d67b-44bc-8505-0e596fa00f9d" />
    <UnitTestResult executionId="210d4a64-99e7-4e85-8277-2ee8e20e7c55" testId="edcf6b60-e83c-e574-5ab1-b7e1830205a4" testName="Logradouro: nomes de rua(nomeRua: &quot;Travessa B&quot;)" computerName="DESKTOP-N9MK9U5" duration="00:00:00.0000064" startTime="2026-08-17T12:48:31.2034394-03:00" endTime="2026-08-17T12:48:31.2034976-03:00" testType="13cdc9d9-ddb5-4fa4-a97d-d965ccfc6d4b" outcome="Passed" testListId="8c84fa94-04c1-424b-9868-57a2d4851a1d" relativeResultsDirectory="210d4a64-99e7-4e85-8277-2ee8e20e7c55" />
    <UnitTestResult executionId="0c54e2c8-9d19-4982-b616-0281fe7ece32" testId="c9ac4d19-48df-5a11-dbf0-124eaeb9e625" testName="AcessoColaborador: rejeita acesso antes das 6h" computerName="DESKTOP-N9MK9U5" duration="00:00:00.0001376" startTime="2026-08-17T12:48:31.2173855-03:00" endTime="2026-08-17T12:48:31.2174147-03:00" testType="13cdc9d9-ddb5-4fa4-a97d-d965ccfc6d4b" outcome="Passed" testListId="8c84fa94-04c1-424b-9868-57a2d4851a1d" relativeResultsDirectory="0c54e2c8-9d19-4982-b616-0281fe7ece32" />
    <UnitTestResult executionId="15687abe-0c9e-4c60-9efa-158dbba84ee4" testId="6171199b-8151-9eea-95be-2c60c997c39a" testName="Cep: criação com dígitos válidos(input: &quot;99999-999&quot;, esperado: &quot;99999999&quot;)" computerName="DESKTOP-N9MK9U5" duration="00:00:00.0000054" startTime="2026-08-17T12:48:31.2723504-03:00" endTime="2026-08-17T12:48:31.2723766-03:00" testType="13cdc9d9-ddb5-4fa4-a97d-d965ccfc6d4b" outcome="Passed" testListId="8c84fa94-04c1-424b-9868-57a2d4851a1d" relativeResultsDirectory="15687abe-0c9e-4c60-9efa-158dbba84ee4" />
    <UnitTestResult executionId="96301a4a-4062-440b-b536-a9978f358e7f" testId="32510eb2-0950-2e0a-6990-632347df6835" testName="LimparEspacos: preserva conteúdo(input: &quot;a  b  c&quot;, esperado: &quot;a b c&quot;)" computerName="DESKTOP-N9MK9U5" duration="00:00:00.0000879" startTime="2026-08-17T12:48:31.2535172-03:00" endTime="2026-08-17T12:48:31.2535545-03:00" testType="13cdc9d9-ddb5-4fa4-a97d-d965ccfc6d4b" outcome="Passed" testListId="8c84fa94-04c1-424b-9868-57a2d4851a1d" relativeResultsDirectory="96301a4a-4062-440b-b536-a9978f358e7f" />
    <UnitTestResult executionId="8183c500-f5f1-44c8-a74d-f018c3d5d611" testId="52ece264-5e00-7357-0d0f-4dc04af9a2bf" testName="Logradouro: normaliza estado com espaços" computerName="DESKTOP-N9MK9U5" duration="00:00:00.0001150" startTime="2026-08-17T12:48:31.2329515-03:00" endTime="2026-08-17T12:48:31.2329994-03:00" testType="13cdc9d9-ddb5-4fa4-a97d-d965ccfc6d4b" outcome="Passed" testListId="8c84fa94-04c1-424b-9868-57a2d4851a1d" relativeResultsDirectory="8183c500-f5f1-44c8-a74d-f018c3d5d611" />
    <UnitTestResult executionId="c3cf2b10-2ea0-4afa-868e-6bba5358fe5a" testId="870e7631-23d1-42f9-35e7-71d1aab8aac0" testName="ParaMaiusculo: números permanecem iguais(input: &quot;123abc&quot;, esperado: &quot;123ABC&quot;)" computerName="DESKTOP-N9MK9U5" duration="00:00:00.0001459" startTime="2026-08-17T12:48:31.2495820-03:00" endTime="2026-08-17T12:48:31.2498106-03:00" testType="13cdc9d9-ddb5-4fa4-a97d-d965ccfc6d4b" outcome="Passed" testListId="8c84fa94-04c1-424b-9868-57a2d4851a1d" relativeResultsDirectory="c3cf2b10-2ea0-4afa-868e-6bba5358fe5a" />
    <UnitTestResult executionId="92ae5c21-3a62-4db7-87d6-b7577e0b0a52" testId="71434097-d139-89e2-c373-994d8e3b5f34" testName="AcessoColaborador: 23h é inválido" computerName="DESKTOP-N9MK9U5" duration="00:00:00.0001125" startTime="2026-08-17T12:48:31.2227515-03:00" endTime="2026-08-17T12:48:31.2229012-03:00" testType="13cdc9d9-ddb5-4fa4-a97d-d965ccfc6d4b" outcome="Passed" testListId="8c84fa94-04c1-424b-9868-57a2d4851a1d" relativeResultsDirectory="92ae5c21-3a62-4db7-87d6-b7577e0b0a52" />
    <UnitTestResult executionId="89949935-b24b-44d9-82b9-18bcf3d9c1f6" testId="1d211d3a-f55b-fde2-a3b4-7688a571f0f7" testName="Logradouro: validação de nome(nome: null)" computerName="DESKTOP-N9MK9U5" duration="00:00:00.0001186" startTime="2026-08-17T12:48:31.2320545-03:00" endTime="2026-08-17T12:48:31.2321219-03:00" testType="13cdc9d9-ddb5-4fa4-a97d-d965ccfc6d4b" outcome="Passed" testListId="8c84fa94-04c1-424b-9868-57a2d4851a1d" relativeResultsDirectory="89949935-b24b-44d9-82b9-18bcf3d9c1f6" />
    <UnitTestResult executionId="88fe9b74-916c-4265-9e8d-864846acc4aa" testId="fefaf484-09ae-6e67-8069-6bb560123a42" testName="TextoVazioOuNulo: textos com conteúdo(input: &quot; a &quot;, esperado: False)" computerName="DESKTOP-N9MK9U5" duration="00:00:00.0001278" startTime="2026-08-17T12:48:31.2432663-03:00" endTime="2026-08-17T12:48:31.2434310-03:00" testType="13cdc9d9-ddb5-4fa4-a97d-d965ccfc6d4b" outcome="Passed" testListId="8c84fa94-04c1-424b-9868-57a2d4851a1d" relativeResultsDirectory="88fe9b74-916c-4265-9e8d-864846acc4aa" />
    <UnitTestResult executionId="4c45a830-a44e-43b5-8252-15d3eb5edff3" testId="babbeca3-2480-b8bc-5b2f-3e6335fa48a0" testName="Logradouro: bairros(bairro: &quot;Centro&quot;)" computerName="DESKTOP-N9MK9U5" duration="00:00:00.0001221" startTime="2026-08-17T12:48:31.1979819-03:00" endTime="2026-08-17T12:48:31.1980113-03:00" testType="13cdc9d9-ddb5-4fa4-a97d-d965ccfc6d4b" outcome="Passed" testListId="8c84fa94-04c1-424b-9868-57a2d4851a1d" relativeResultsDirectory="4c45a830-a44e-43b5-8252-15d3eb5edff3" />
    <UnitTestResult executionId="708dda3c-7940-4045-96fa-c1b8e939b6f0" testId="9d570edd-dab6-124e-0061-efca56b2dd5e" testName="Logradouro: validação de CEP(cep: &quot;&quot;)" computerName="DESKTOP-N9MK9U5" duration="00:00:00.0002142" startTime="2026-08-17T12:48:31.2297935-03:00" endTime="2026-08-17T12:48:31.2300102-03:00" testType="13cdc9d9-ddb5-4fa4-a97d-d965ccfc6d4b" outcome="Passed" testListId="8c84fa94-04c1-424b-9868-57a2d4851a1d" relativeResultsDirectory="708dda3c-7940-4045-96fa-c1b8e939b6f0" />
    <UnitTestResult executionId="a7b0b003-7ba2-4b10-aa8a-d1e4e613e13b" testId="7fb05fdf-eb7c-4c90-5487-c6e0bffbfccb" testName="Logradouro: validação de bairro" computerName="DESKTOP-N9MK9U5" duration="00:00:00.0000965" startTime="2026-08-17T12:48:31.2306459-03:00" endTime="2026-08-17T12:48:31.2307771-03:00" testType="13cdc9d9-ddb5-4fa4-a97d-d965ccfc6d4b" outcome="Passed" testListId="8c84fa94-04c1-424b-9868-57a2d4851a1d" relativeResultsDirectory="a7b0b003-7ba2-4b10-aa8a-d1e4e613e13b" />
    <UnitTestResult executionId="7523fca1-5920-401e-aa04-c7f2af1db3c6" testId="1227ae52-1f49-c365-d2ae-dd1dd3a236aa" testName="Cep: obrigatório -&gt; CEP_OBRIGATORIO(input: null)" computerName="DESKTOP-N9MK9U5" duration="00:00:00.0002866" startTime="2026-08-17T12:48:31.2797328-03:00" endTime="2026-08-17T12:48:31.2797652-03:00" testType="13cdc9d9-ddb5-4fa4-a97d-d965ccfc6d4b" outcome="Passed" testListId="8c84fa94-04c1-424b-9868-57a2d4851a1d" relativeResultsDirectory="7523fca1-5920-401e-aa04-c7f2af1db3c6" />
    <UnitTestResult executionId="d39a0870-7027-4a43-b100-fb96bdccef9f" testId="8e28f9ff-447a-b174-f233-a96c22f85bb3" testName="AcessoAluno: horários válidos(hora: 12)" computerName="DESKTOP-N9MK9U5" duration="00:00:00.0002052" startTime="2026-08-17T12:48:31.2550221-03:00" endTime="2026-08-17T12:48:31.2550734-03:00" testType="13cdc9d9-ddb5-4fa4-a97d-d965ccfc6d4b" outcome="Failed" testListId="8c84fa94-04c1-424b-9868-57a2d4851a1d" relativeResultsDirectory="d39a0870-7027-4a43-b100-fb96bdccef9f">
      <Output>
        <ErrorInfo>
          <Message>Assert.True() Failure&#xD;
Expected: True&#xD;
Actual:   False</Message>
          <StackTrace>   at AcademiaDoZe.Domain.Tests.Entities.AcessoAlunoTests.Deve_Criar_AcessoAluno_Em_Horarios_Validos(Int32 hora) in C:\workplace\academiaZe\AcademiaDoZe.Domain.Tests\Entities\AcessoAlunoTests.cs:line 45&#xD;
   at System.Reflection.MethodBaseInvoker.InterpretedInvoke_Method(Object obj, IntPtr* args)&#xD;
   at System.Reflection.MethodBaseInvoker.InvokeDirectByRefWithFewArgs(Object obj, Span`1 copyOfArgs, BindingFlags invokeAttr)</StackTrace>
        </ErrorInfo>
      </Output>
    </UnitTestResult>
    <UnitTestResult executionId="b11ed08a-2613-45be-a51a-0d5a00e7318d" testId="cd64eef9-d0df-62b0-1bb8-5b6f324d12ef" testName="Colaborador: data de admissão não pode ser no futuro" computerName="DESKTOP-N9MK9U5" duration="00:00:00.0002088" startTime="2026-08-17T12:48:31.2408748-03:00" endTime="2026-08-17T12:48:31.2426382-03:00" testType="13cdc9d9-ddb5-4fa4-a97d-d965ccfc6d4b" outcome="Passed" testListId="8c84fa94-04c1-424b-9868-57a2d4851a1d" relativeResultsDirectory="b11ed08a-2613-45be-a51a-0d5a00e7318d" />
    <UnitTestResult executionId="57fe3eb0-5744-4088-aada-03e9ea224981" testId="716606e9-fac8-ecb3-0639-aa12e73b5516" testName="AcessoColaborador: rejeita acesso depois das 22h" computerName="DESKTOP-N9MK9U5" duration="00:00:00.0001082" startTime="2026-08-17T12:48:31.2275547-03:00" endTime="2026-08-17T12:48:31.2276433-03:00" testType="13cdc9d9-ddb5-4fa4-a97d-d965ccfc6d4b" outcome="Passed" testListId="8c84fa94-04c1-424b-9868-57a2d4851a1d" relativeResultsDirectory="57fe3eb0-5744-4088-aada-03e9ea224981" />
    <UnitTestResult executionId="60556578-3b67-4093-8f68-7dfceaa2d342" testId="03cd0339-ae57-1c2f-c9d3-66ef1e84149c" testName="AcessoColaborador: horários válidos(hora: 18)" computerName="DESKTOP-N9MK9U5" duration="00:00:00.0002262" startTime="2026-08-17T12:48:31.2154076-03:00" endTime="2026-08-17T12:48:31.2154374-03:00" testType="13cdc9d9-ddb5-4fa4-a97d-d965ccfc6d4b" outcome="Failed" testListId="8c84fa94-04c1-424b-9868-57a2d4851a1d" relativeResultsDirectory="60556578-3b67-4093-8f68-7dfceaa2d342">
      <Output>
        <ErrorInfo>
          <Message>Assert.True() Failure&#xD;
Expected: True&#xD;
Actual:   False</Message>
          <StackTrace>   at AcademiaDoZe.Domain.Tests.Entities.AcessoColaboradorTests.Deve_Criar_AcessoColaborador_Em_Horarios_Validos(Int32 hora) in C:\workplace\academiaZe\AcademiaDoZe.Domain.Tests\Entities\AcessoColaboradorTests.cs:line 45&#xD;
   at System.Reflection.MethodBaseInvoker.InterpretedInvoke_Method(Object obj, IntPtr* args)&#xD;
   at System.Reflection.MethodBaseInvoker.InvokeDirectByRefWithFewArgs(Object obj, Span`1 copyOfArgs, BindingFlags invokeAttr)</StackTrace>
        </ErrorInfo>
      </Output>
    </UnitTestResult>
    <UnitTestResult executionId="b62668aa-eb4b-4c78-a087-b58454abf3c2" testId="dc8e74c0-37a4-72fd-82e2-e01dca636ae0" testName="Telefone: obrigatório -&gt; TELEFONE_OBRIGATORIO(input: &quot;&quot;)" computerName="DESKTOP-N9MK9U5" duration="00:00:00.0004047" startTime="2026-08-17T12:48:31.2794737-03:00" endTime="2026-08-17T12:48:31.2795005-03:00" testType="13cdc9d9-ddb5-4fa4-a97d-d965ccfc6d4b" outcome="Passed" testListId="8c84fa94-04c1-424b-9868-57a2d4851a1d" relativeResultsDirectory="b62668aa-eb4b-4c78-a087-b58454abf3c2" />
    <UnitTestResult executionId="a91641bf-156d-4067-8a48-e612e6da5735" testId="6594bb4a-cdc2-46c7-f980-97afa4466646" testName="Email: formatos inválidos(input: &quot;user@&quot;)" computerName="DESKTOP-N9MK9U5" duration="00:00:00.0000020" startTime="2026-08-17T12:48:31.2421908-03:00" endTime="2026-08-17T12:48:31.2422504-03:00" testType="13cdc9d9-ddb5-4fa4-a97d-d965ccfc6d4b" outcome="Passed" testListId="8c84fa94-04c1-424b-9868-57a2d4851a1d" relativeResultsDirectory="a91641bf-156d-4067-8a48-e612e6da5735" />
    <UnitTestResult executionId="d7468a6a-d584-49e5-b47a-a76c71461fbc" testId="1d779cdc-d83d-9679-ee0e-e204df9ff72c" testName="Logradouro: cidades diversas(cidade: &quot;São Paulo&quot;)" computerName="DESKTOP-N9MK9U5" duration="00:00:00.0060138" startTime="2026-08-17T12:48:31.1344538-03:00" endTime="2026-08-17T12:48:31.1471208-03:00" testType="13cdc9d9-ddb5-4fa4-a97d-d965ccfc6d4b" outcome="Passed" testListId="8c84fa94-04c1-424b-9868-57a2d4851a1d" relativeResultsDirectory="d7468a6a-d584-49e5-b47a-a76c71461fbc" />
    <UnitTestResult executionId="e928191d-6491-44a1-a620-f31e5886faf1" testId="a4728fd3-12f8-ae08-fb68-9ffaed4759ce" testName="Aluno: dados completos com foto" computerName="DESKTOP-N9MK9U5" duration="00:00:00.0002052" startTime="2026-08-17T12:48:31.2668457-03:00" endTime="2026-08-17T12:48:31.2668741-03:00" testType="13cdc9d9-ddb5-4fa4-a97d-d965ccfc6d4b" outcome="Passed" testListId="8c84fa94-04c1-424b-9868-57a2d4851a1d" relativeResultsDirectory="e928191d-6491-44a1-a620-f31e5886faf1" />
    <UnitTestResult executionId="fc44cc8e-faf9-439c-b57f-0bf863cd5bce" testId="d0f61a9f-6159-aa00-fb40-e8df5dbf7b18" testName="LimparEspacos: remove espaços múltiplos(input: &quot;fim  &quot;, esperado: &quot;fim&quot;)" computerName="DESKTOP-N9MK9U5" duration="00:00:00.0000059" startTime="2026-08-17T12:48:31.2124461-03:00" endTime="2026-08-17T12:48:31.2124757-03:00" testType="13cdc9d9-ddb5-4fa4-a97d-d965ccfc6d4b" outcome="Passed" testListId="8c84fa94-04c1-424b-9868-57a2d4851a1d" relativeResultsDirectory="fc44cc8e-faf9-439c-b57f-0bf863cd5bce" />
    <UnitTestResult executionId="2216f356-13d4-46b4-a7eb-a44d87d96ec8" testId="f488c194-25e8-02e8-13fc-66ba3bb0abcd" testName="Aluno: emails válidos(email: &quot;admin@site.org&quot;)" computerName="DESKTOP-N9MK9U5" duration="00:00:00.0002530" startTime="2026-08-17T12:48:31.1977692-03:00" endTime="2026-08-17T12:48:31.1978048-03:00" testType="13cdc9d9-ddb5-4fa4-a97d-d965ccfc6d4b" outcome="Passed" testListId="8c84fa94-04c1-424b-9868-57a2d4851a1d" relativeResultsDirectory="2216f356-13d4-46b4-a7eb-a44d87d96ec8" />
    <UnitTestResult executionId="92de826f-ecad-49a3-a91e-0edad36db6b6" testId="d893c7ea-ba54-96d6-aded-ec46cd0a9f88" testName="Matrícula: diferentes planos(plano: Anual)" computerName="DESKTOP-N9MK9U5" duration="00:00:00.0001468" startTime="2026-08-17T12:48:31.2766300-03:00" endTime="2026-08-17T12:48:31.2767617-03:00" testType="13cdc9d9-ddb5-4fa4-a97d-d965ccfc6d4b" outcome="Failed" testListId="8c84fa94-04c1-424b-9868-57a2d4851a1d" relativeResultsDirectory="92de826f-ecad-49a3-a91e-0edad36db6b6">
      <Output>
        <ErrorInfo>
          <Message>Assert.True() Failure&#xD;
Expected: True&#xD;
Actual:   False</Message>
          <StackTrace>   at AcademiaDoZe.Domain.Tests.Entities.MatriculaTests.Deve_Criar_Matricula_Com_Diferentes_Planos(MatriculaPlano plano) in C:\workplace\academiaZe\AcademiaDoZe.Domain.Tests\Entities\MatriculaTests.cs:line 52&#xD;
   at System.Reflection.MethodBaseInvoker.InterpretedInvoke_Method(Object obj, IntPtr* args)&#xD;
   at System.Reflection.MethodBaseInvoker.InvokeDirectByRefWithFewArgs(Object obj, Span`1 copyOfArgs, BindingFlags invokeAttr)</StackTrace>
        </ErrorInfo>
      </Output>
    </UnitTestResult>
    <UnitTestResult executionId="65d3356e-c4c8-4d1a-ae44-d3544c6921c5" testId="7978467f-a2f1-3643-c9e9-e5835430b3f8" testName="LimparTodosEspacos: remove espaços do meio(input: &quot;a b c d e&quot;, esperado: &quot;abcde&quot;)" computerName="DESKTOP-N9MK9U5" duration="00:00:00.0001115" startTime="2026-08-17T12:48:31.2507469-03:00" endTime="2026-08-17T12:48:31.2507981-03:00" testType="13cdc9d9-ddb5-4fa4-a97d-d965ccfc6d4b" outcome="Passed" testListId="8c84fa94-04c1-424b-9868-57a2d4851a1d" relativeResultsDirectory="65d3356e-c4c8-4d1a-ae44-d3544c6921c5" />
    <UnitTestResult executionId="e6b88eb2-f72a-460c-a237-aa7b59483ee9" testId="5608dbdf-8393-cd2c-48a9-f012ce17f4f1" testName="Logradouro: cidades diversas(cidade: &quot;Belo Horizonte&quot;)" computerName="DESKTOP-N9MK9U5" duration="00:00:00.0000040" startTime="2026-08-17T12:48:31.1616913-03:00" endTime="2026-08-17T12:48:31.1617221-03:00" testType="13cdc9d9-ddb5-4fa4-a97d-d965ccfc6d4b" outcome="Passed" testListId="8c84fa94-04c1-424b-9868-57a2d4851a1d" relativeResultsDirectory="e6b88eb2-f72a-460c-a237-aa7b59483ee9" />
    <UnitTestResult executionId="78bde805-35b5-4164-b755-2a733fa18bc8" testId="33bed832-d25d-6069-b873-c3f184b770eb" testName="TextoVazioOuNulo: valida textos vazios e nulos(input: &quot;texto&quot;, esperado: False)" computerName="DESKTOP-N9MK9U5" duration="00:00:00.0000029" startTime="2026-08-17T12:48:31.2169662-03:00" endTime="2026-08-17T12:48:31.2170025-03:00" testType="13cdc9d9-ddb5-4fa4-a97d-d965ccfc6d4b" outcome="Passed" testListId="8c84fa94-04c1-424b-9868-57a2d4851a1d" relativeResultsDirectory="78bde805-35b5-4164-b755-2a733fa18bc8" />
    <UnitTestResult executionId="d06014cd-3726-4ced-9530-3a840af6e44c" testId="5f295e05-237e-8da7-4876-d5b57141254e" testName="Cep: múltiplos formatos válidos(input: &quot;00000-000&quot;)" computerName="DESKTOP-N9MK9U5" duration="00:00:00.0000037" startTime="2026-08-17T12:48:31.2402310-03:00" endTime="2026-08-17T12:48:31.2402774-03:00" testType="13cdc9d9-ddb5-4fa4-a97d-d965ccfc6d4b" outcome="Passed" testListId="8c84fa94-04c1-424b-9868-57a2d4851a1d" relativeResultsDirectory="d06014cd-3726-4ced-9530-3a840af6e44c" />
    <UnitTestResult executionId="757142e3-c57a-4f43-9e9e-58947ca3980b" testId="4b78fb6e-3729-10f0-28b4-fe2f40eab7f4" testName="LimparEspacos: textos com múltiplos espaços consecutivos(input: &quot;a     &quot;, esperado: &quot;a&quot;)" computerName="DESKTOP-N9MK9U5" duration="00:00:00.0000080" startTime="2026-08-17T12:48:31.2492073-03:00" endTime="2026-08-17T12:48:31.2492367-03:00" testType="13cdc9d9-ddb5-4fa4-a97d-d965ccfc6d4b" outcome="Passed" testListId="8c84fa94-04c1-424b-9868-57a2d4851a1d" relativeResultsDirectory="757142e3-c57a-4f43-9e9e-58947ca3980b" />
    <UnitTestResult executionId="15a23b46-9e24-4a7f-8355-611a254c7406" testId="4bc2b6d4-b189-611e-7fae-fe7929fba4be" testName="Telefone: múltiplos formatos(input: &quot;11 98765-4321&quot;)" computerName="DESKTOP-N9MK9U5" duration="00:00:00.0000602" startTime="2026-08-17T12:48:31.2343522-03:00" endTime="2026-08-17T12:48:31.2343797-03:00" testType="13cdc9d9-ddb5-4fa4-a97d-d965ccfc6d4b" outcome="Passed" testListId="8c84fa94-04c1-424b-9868-57a2d4851a1d" relativeResultsDirectory="15a23b46-9e24-4a7f-8355-611a254c7406" />
    <UnitTestResult executionId="b7d3929f-66f6-4280-81a5-58ec242a8bff" testId="ff47efea-6f29-1a4e-d41b-9606e04367b1" testName="Email: formato válido(input: &quot;test.email@domain.co.uk&quot;)" computerName="DESKTOP-N9MK9U5" duration="00:00:00.0000981" startTime="2026-08-17T12:48:31.2746269-03:00" endTime="2026-08-17T12:48:31.2746706-03:00" testType="13cdc9d9-ddb5-4fa4-a97d-d965ccfc6d4b" outcome="Passed" testListId="8c84fa94-04c1-424b-9868-57a2d4851a1d" relativeResultsDirectory="b7d3929f-66f6-4280-81a5-58ec242a8bff" />
    <UnitTestResult executionId="37604b40-2f4f-4083-aff1-4539c839c42e" testId="6d6437f3-9aab-785b-6ac1-9451aa950611" testName="LimparEDigitos: remove todos os números(input: &quot;a1b2c3&quot;, esperado: &quot;abc&quot;)" computerName="DESKTOP-N9MK9U5" duration="00:00:00.0002525" startTime="2026-08-17T12:48:31.2456490-03:00" endTime="2026-08-17T12:48:31.2460108-03:00" testType="13cdc9d9-ddb5-4fa4-a97d-d965ccfc6d4b" outcome="Failed" testListId="8c84fa94-04c1-424b-9868-57a2d4851a1d" relativeResultsDirectory="37604b40-2f4f-4083-aff1-4539c839c42e">
      <Output>
        <ErrorInfo>
          <Message>Assert.Equal() Failure: Strings differ&#xD;
           ↓ (pos 0)&#xD;
Expected: "abc"&#xD;
Actual:   "123"&#xD;
           ↑ (pos 0)</Message>
          <StackTrace>   at AcademiaDoZe.Domain.Tests.Services.NormalizacaoServiceAdvancedTests.Deve_Remover_Todos_Digitos(String input, String esperado) in C:\workplace\academiaZe\AcademiaDoZe.Domain.Tests\Services\NormalizacaoServiceAdvancedTests.cs:line 45&#xD;
   at InvokeStub_NormalizacaoServiceAdvancedTests.Deve_Remover_Todos_Digitos(Object, Span`1)&#xD;
   at System.Reflection.MethodBaseInvoker.InvokeWithFewArgs(Object obj, BindingFlags invokeAttr, Binder binder, Object[] parameters, CultureInfo culture)</StackTrace>
        </ErrorInfo>
      </Output>
    </UnitTestResult>
    <UnitTestResult executionId="e3d16231-5eb9-4cdf-98be-89c744a89202" testId="5673f142-80c9-c719-a3e6-415102c62f6a" testName="Telefone: formatos variados(input: &quot;11 98765-4321&quot;)" computerName="DESKTOP-N9MK9U5" duration="00:00:00.0000069" startTime="2026-08-17T12:48:31.2703676-03:00" endTime="2026-08-17T12:48:31.2704172-03:00" testType="13cdc9d9-ddb5-4fa4-a97d-d965ccfc6d4b" outcome="Passed" testListId="8c84fa94-04c1-424b-9868-57a2d4851a1d" relativeResultsDirectory="e3d16231-5eb9-4cdf-98be-89c744a89202" />
    <UnitTestResult executionId="cbe4bb33-3a34-48df-8307-27c44f2b2aee" testId="4299f326-6772-ac15-9184-048e10865dc4" testName="Senha: validação de força(input: &quot;123456&quot;)" computerName="DESKTOP-N9MK9U5" duration="00:00:00.0000024" startTime="2026-08-17T12:48:31.2383232-03:00" endTime="2026-08-17T12:48:31.2384395-03:00" testType="13cdc9d9-ddb5-4fa4-a97d-d965ccfc6d4b" outcome="Passed" testListId="8c84fa94-04c1-424b-9868-57a2d4851a1d" relativeResultsDirectory="cbe4bb33-3a34-48df-8307-27c44f2b2aee" />
    <UnitTestResult executionId="9b3c1f45-319a-48cd-a2c2-fbef9fffdf1a" testId="9978925a-1a24-2f39-4a8c-2f2c7eebd282" testName="AcessoColaborador: múltiplos horários(hora: 9)" computerName="DESKTOP-N9MK9U5" duration="00:00:00.0010544" startTime="2026-08-17T12:48:31.2138521-03:00" endTime="2026-08-17T12:48:31.2138883-03:00" testType="13cdc9d9-ddb5-4fa4-a97d-d965ccfc6d4b" outcome="Failed" testListId="8c84fa94-04c1-424b-9868-57a2d4851a1d" relativeResultsDirectory="9b3c1f45-319a-48cd-a2c2-fbef9fffdf1a">
      <Output>
        <ErrorInfo>
          <Message>Assert.True() Failure&#xD;
Expected: True&#xD;
Actual:   False</Message>
          <StackTrace>   at AcademiaDoZe.Domain.Tests.Entities.AcessoColaboradorTests.Deve_Criar_AcessoColaborador_Em_Varios_Horarios(Int32 hora) in C:\workplace\academiaZe\AcademiaDoZe.Domain.Tests\Entities\AcessoColaboradorTests.cs:line 76&#xD;
   at System.Reflection.MethodBaseInvoker.InterpretedInvoke_Method(Object obj, IntPtr* args)&#xD;
   at System.Reflection.MethodBaseInvoker.InvokeDirectByRefWithFewArgs(Object obj, Span`1 copyOfArgs, BindingFlags invokeAttr)</StackTrace>
        </ErrorInfo>
      </Output>
    </UnitTestResult>
    <UnitTestResult executionId="a26b2937-3818-4fa5-90f7-b88bfa752563" testId="55f28cc6-76a7-defe-34a2-2554fb5f31b3" testName="Matrícula: diferentes planos(plano: Mensal)" computerName="DESKTOP-N9MK9U5" duration="00:00:00.0001529" startTime="2026-08-17T12:48:31.2811052-03:00" endTime="2026-08-17T12:48:31.2813605-03:00" testType="13cdc9d9-ddb5-4fa4-a97d-d965ccfc6d4b" outcome="Failed" testListId="8c84fa94-04c1-424b-9868-57a2d4851a1d" relativeResultsDirectory="a26b2937-3818-4fa5-90f7-b88bfa752563">
      <Output>
        <ErrorInfo>
          <Message>Assert.True() Failure&#xD;
Expected: True&#xD;
Actual:   False</Message>
          <StackTrace>   at AcademiaDoZe.Domain.Tests.Entities.MatriculaTests.Deve_Criar_Matricula_Com_Diferentes_Planos(MatriculaPlano plano) in C:\workplace\academiaZe\AcademiaDoZe.Domain.Tests\Entities\MatriculaTests.cs:line 52&#xD;
   at InvokeStub_MatriculaTests.Deve_Criar_Matricula_Com_Diferentes_Planos(Object, Span`1)&#xD;
   at System.Reflection.MethodBaseInvoker.InvokeWithOneArg(Object obj, BindingFlags invokeAttr, Binder binder, Object[] parameters, CultureInfo culture)</StackTrace>
        </ErrorInfo>
      </Output>
    </UnitTestResult>
    <UnitTestResult executionId="4be4ba0b-f147-40b9-bfa1-0b6375e433b0" testId="c8192716-0b04-3f77-f691-71259667f55f" testName="Telefone: formatos válidos (com e sem formatação)(input: &quot;(11) 91234-5678&quot;)" computerName="DESKTOP-N9MK9U5" duration="00:00:00.0002036" startTime="2026-08-17T12:48:31.2767314-03:00" endTime="2026-08-17T12:48:31.2773437-03:00" testType="13cdc9d9-ddb5-4fa4-a97d-d965ccfc6d4b" outcome="Passed" testListId="8c84fa94-04c1-424b-9868-57a2d4851a1d" relativeResultsDirectory="4be4ba0b-f147-40b9-bfa1-0b6375e433b0" />
    <UnitTestResult executionId="1ef8e46b-51a9-4563-843c-8b62c249551d" testId="22349d74-9258-a9d6-f4b4-a9a1287100a0" testName="Logradouro: criação com CEP formatado" computerName="DESKTOP-N9MK9U5" duration="00:00:00.0000966" startTime="2026-08-17T12:48:31.2322524-03:00" endTime="2026-08-17T12:48:31.2323027-03:00" testType="13cdc9d9-ddb5-4fa4-a97d-d965ccfc6d4b" outcome="Passed" testListId="8c84fa94-04c1-424b-9868-57a2d4851a1d" relativeResultsDirectory="1ef8e46b-51a9-4563-843c-8b62c249551d" />
    <UnitTestResult executionId="5e3ed9af-52a7-4434-b4b8-9d4e905eb352" testId="b89cb349-27b3-043a-3135-6c1797de5c92" testName="Aluno: emails válidos(email: &quot;first.last@company.co.uk&quot;)" computerName="DESKTOP-N9MK9U5" duration="00:00:00.0003404" startTime="2026-08-17T12:48:31.1974365-03:00" endTime="2026-08-17T12:48:31.1974869-03:00" testType="13cdc9d9-ddb5-4fa4-a97d-d965ccfc6d4b" outcome="Passed" testListId="8c84fa94-04c1-424b-9868-57a2d4851a1d" relativeResultsDirectory="5e3ed9af-52a7-4434-b4b8-9d4e905eb352" />
    <UnitTestResult executionId="5b21d08b-0f9c-48e1-9b55-1fb7ca73b876" testId="6fcc9bb6-1ad2-813b-12ab-2e7a6a419e6b" testName="Email: valida presença de @(input: &quot;naotemembarramento.com&quot;)" computerName="DESKTOP-N9MK9U5" duration="00:00:00.0002287" startTime="2026-08-17T12:48:31.2295914-03:00" endTime="2026-08-17T12:48:31.2298433-03:00" testType="13cdc9d9-ddb5-4fa4-a97d-d965ccfc6d4b" outcome="Passed" testListId="8c84fa94-04c1-424b-9868-57a2d4851a1d" relativeResultsDirectory="5b21d08b-0f9c-48e1-9b55-1fb7ca73b876" />
    <UnitTestResult executionId="f2ee4da9-99e4-4252-a375-b48b0aeb727c" testId="25dc6254-9951-5565-1b96-ee8c139b1229" testName="Senha: valida requisito de uppercase(senha: &quot;abcdef&quot;, isSuccess: False)" computerName="DESKTOP-N9MK9U5" duration="00:00:00.0001592" startTime="2026-08-17T12:48:31.2737826-03:00" endTime="2026-08-17T12:48:31.2743582-03:00" testType="13cdc9d9-ddb5-4fa4-a97d-d965ccfc6d4b" outcome="Passed" testListId="8c84fa94-04c1-424b-9868-57a2d4851a1d" relativeResultsDirectory="f2ee4da9-99e4-4252-a375-b48b0aeb727c" />
    <UnitTestResult executionId="8a9f7e10-d46e-4988-ab8d-95dabb437200" testId="2664694f-5518-a6e1-d671-68945118fcb8" testName="AcessoColaborador: horários válidos(hora: 21)" computerName="DESKTOP-N9MK9U5" duration="00:00:00.0000386" startTime="2026-08-17T12:48:31.2165257-03:00" endTime="2026-08-17T12:48:31.2166410-03:00" testType="13cdc9d9-ddb5-4fa4-a97d-d965ccfc6d4b" outcome="Failed" testListId="8c84fa94-04c1-424b-9868-57a2d4851a1d" relativeResultsDirectory="8a9f7e10-d46e-4988-ab8d-95dabb437200">
      <Output>
        <ErrorInfo>
          <Message>Assert.True() Failure&#xD;
Expected: True&#xD;
Actual:   False</Message>
          <StackTrace>   at AcademiaDoZe.Domain.Tests.Entities.AcessoColaboradorTests.Deve_Criar_AcessoColaborador_Em_Horarios_Validos(Int32 hora) in C:\workplace\academiaZe\AcademiaDoZe.Domain.Tests\Entities\AcessoColaboradorTests.cs:line 45&#xD;
   at InvokeStub_AcessoColaboradorTests.Deve_Criar_AcessoColaborador_Em_Horarios_Validos(Object, Span`1)&#xD;
   at System.Reflection.MethodBaseInvoker.InvokeWithOneArg(Object obj, BindingFlags invokeAttr, Binder binder, Object[] parameters, CultureInfo culture)</StackTrace>
        </ErrorInfo>
      </Output>
    </UnitTestResult>
    <UnitTestResult executionId="f9b58d6b-1ec3-407f-b791-2af8c22425e3" testId="457d3940-2ba2-662d-9119-4a3c325d5ded" testName="Cpf: diferentes formatos com pontuação(input: &quot;123.456.789-00&quot;)" computerName="DESKTOP-N9MK9U5" duration="00:00:00.0002736" startTime="2026-08-17T12:48:31.2345799-03:00" endTime="2026-08-17T12:48:31.2365690-03:00" testType="13cdc9d9-ddb5-4fa4-a97d-d965ccfc6d4b" outcome="Passed" testListId="8c84fa94-04c1-424b-9868-57a2d4851a1d" relativeResultsDirectory="f9b58d6b-1ec3-407f-b791-2af8c22425e3" />
    <UnitTestResult executionId="262c6830-94cb-47c8-a8af-95896471f553" testId="d190df1e-d844-94c5-b9b0-2f4ae190f268" testName="Logradouro: padrão CEP sem hífen" computerName="DESKTOP-N9MK9U5" duration="00:00:00.0001007" startTime="2026-08-17T12:48:31.2036501-03:00" endTime="2026-08-17T12:48:31.2036972-03:00" testType="13cdc9d9-ddb5-4fa4-a97d-d965ccfc6d4b" outcome="Passed" testListId="8c84fa94-04c1-424b-9868-57a2d4851a1d" relativeResultsDirectory="262c6830-94cb-47c8-a8af-95896471f553" />
    <UnitTestResult executionId="d76d004c-39f8-4357-a936-e705d2163f2f" testId="bc00e14c-c172-60a3-5b89-33cc2c2db414" testName="Email: múltiplos formatos válidos(input: &quot;user.name@domain.co.uk&quot;)" computerName="DESKTOP-N9MK9U5" duration="00:00:00.0001392" startTime="2026-08-17T12:48:31.2332971-03:00" endTime="2026-08-17T12:48:31.2333426-03:00" testType="13cdc9d9-ddb5-4fa4-a97d-d965ccfc6d4b" outcome="Passed" testListId="8c84fa94-04c1-424b-9868-57a2d4851a1d" relativeResultsDirectory="d76d004c-39f8-4357-a936-e705d2163f2f" />
    <UnitTestResult executionId="7c953f36-7057-40a1-a94f-7dd05f5a38d0" testId="18463cf4-05eb-038c-23b9-d2ecea1f5cdd" testName="Logradouro: estados brasileiros(estado: &quot;RJ&quot;)" computerName="DESKTOP-N9MK9U5" duration="00:00:00.0001520" startTime="2026-08-17T12:48:31.1984171-03:00" endTime="2026-08-17T12:48:31.1984450-03:00" testType="13cdc9d9-ddb5-4fa4-a97d-d965ccfc6d4b" outcome="Passed" testListId="8c84fa94-04c1-424b-9868-57a2d4851a1d" relativeResultsDirectory="7c953f36-7057-40a1-a94f-7dd05f5a38d0" />
    <UnitTestResult executionId="8a5447d2-8cf7-41c8-a8de-b06e1d4a15f9" testId="36ba1b00-3b4a-3532-b797-482b9089ea8e" testName="Email: formato inválido -&gt; EMAIL_FORMATO(input: &quot;user@&quot;)" computerName="DESKTOP-N9MK9U5" duration="00:00:00.0001981" startTime="2026-08-17T12:48:31.2747978-03:00" endTime="2026-08-17T12:48:31.2748487-03:00" testType="13cdc9d9-ddb5-4fa4-a97d-d965ccfc6d4b" outcome="Passed" testListId="8c84fa94-04c1-424b-9868-57a2d4851a1d" relativeResultsDirectory="8a5447d2-8cf7-41c8-a8de-b06e1d4a15f9" />
    <UnitTestResult executionId="ed5c2f39-4343-47ed-a7aa-517ee3be0bcb" testId="cfd24629-7840-a069-ad68-96436729cc6f" testName="AcessoColaborador: 0h é inválido" computerName="DESKTOP-N9MK9U5" duration="00:00:00.0001063" startTime="2026-08-17T12:48:31.2278261-03:00" endTime="2026-08-17T12:48:31.2278740-03:00" testType="13cdc9d9-ddb5-4fa4-a97d-d965ccfc6d4b" outcome="Passed" testListId="8c84fa94-04c1-424b-9868-57a2d4851a1d" relativeResultsDirectory="ed5c2f39-4343-47ed-a7aa-517ee3be0bcb" />
    <UnitTestResult executionId="ce340dd2-da35-48c7-8d72-7c05d7fe6e5e" testId="a2780d59-a4cf-0b10-3170-1a9ad4972ac3" testName="Telefone: DDD válido(input: &quot;2198765432&quot;)" computerName="DESKTOP-N9MK9U5" duration="00:00:00.0001162" startTime="2026-08-17T12:48:31.2708653-03:00" endTime="2026-08-17T12:48:31.2709069-03:00" testType="13cdc9d9-ddb5-4fa4-a97d-d965ccfc6d4b" outcome="Passed" testListId="8c84fa94-04c1-424b-9868-57a2d4851a1d" relativeResultsDirectory="ce340dd2-da35-48c7-8d72-7c05d7fe6e5e" />
    <UnitTestResult executionId="a8cedac1-f274-462a-8749-894b69fed670" testId="2852c59c-efd0-1eed-1e4a-1c84b0cc50f8" testName="Logradouro: estados brasileiros(estado: &quot;RS&quot;)" computerName="DESKTOP-N9MK9U5" duration="00:00:00.0000056" startTime="2026-08-17T12:48:31.2000535-03:00" endTime="2026-08-17T12:48:31.2000840-03:00" testType="13cdc9d9-ddb5-4fa4-a97d-d965ccfc6d4b" outcome="Passed" testListId="8c84fa94-04c1-424b-9868-57a2d4851a1d" relativeResultsDirectory="a8cedac1-f274-462a-8749-894b69fed670" />
    <UnitTestResult executionId="04a2e003-f333-4943-b78c-abd9345de217" testId="a20e0797-dad8-cb7b-f019-c57ffc179332" testName="Logradouro: estados brasileiros(estado: &quot;BA&quot;)" computerName="DESKTOP-N9MK9U5" duration="00:00:00.0001157" startTime="2026-08-17T12:48:31.1983398-03:00" endTime="2026-08-17T12:48:31.1983685-03:00" testType="13cdc9d9-ddb5-4fa4-a97d-d965ccfc6d4b" outcome="Passed" testListId="8c84fa94-04c1-424b-9868-57a2d4851a1d" relativeResultsDirectory="04a2e003-f333-4943-b78c-abd9345de217" />
    <UnitTestResult executionId="2eb40e0e-dcb9-4c05-84aa-f51102298417" testId="80e159b0-9b0c-a3ce-c85d-efa670ba10bd" testName="AcessoColaborador: exatamente às 22h é válido" computerName="DESKTOP-N9MK9U5" duration="00:00:00.0001644" startTime="2026-08-17T12:48:31.2174849-03:00" endTime="2026-08-17T12:48:31.2204974-03:00" testType="13cdc9d9-ddb5-4fa4-a97d-d965ccfc6d4b" outcome="Failed" testListId="8c84fa94-04c1-424b-9868-57a2d4851a1d" relativeResultsDirectory="2eb40e0e-dcb9-4c05-84aa-f51102298417">
      <Output>
        <ErrorInfo>
          <Message>Assert.True() Failure&#xD;
Expected: True&#xD;
Actual:   False</Message>
          <StackTrace>   at AcademiaDoZe.Domain.Tests.Entities.AcessoColaboradorTests.Deve_Criar_AcessoColaborador_Exatamente_22h() in C:\workplace\academiaZe\AcademiaDoZe.Domain.Tests\Entities\AcessoColaboradorTests.cs:line 63&#xD;
   at System.Reflection.MethodBaseInvoker.InterpretedInvoke_Method(Object obj, IntPtr* args)&#xD;
   at System.Reflection.MethodBaseInvoker.InvokeWithNoArgs(Object obj, BindingFlags invokeAttr)</StackTrace>
        </ErrorInfo>
      </Output>
    </UnitTestResult>
    <UnitTestResult executionId="4b131747-7947-4f90-bca1-1d948fb87261" testId="ac3b1fa3-61ae-f9e0-bd0d-935f33093619" testName="Email: múltiplos formatos válidos(input: &quot;test@example.com&quot;)" computerName="DESKTOP-N9MK9U5" duration="00:00:00.0000088" startTime="2026-08-17T12:48:31.2340737-03:00" endTime="2026-08-17T12:48:31.2341103-03:00" testType="13cdc9d9-ddb5-4fa4-a97d-d965ccfc6d4b" outcome="Passed" testListId="8c84fa94-04c1-424b-9868-57a2d4851a1d" relativeResultsDirectory="4b131747-7947-4f90-bca1-1d948fb87261" />
    <UnitTestResult executionId="e6348683-c156-4333-83c3-7bdc30047bb2" testId="d8d97fdc-a3e3-12d7-39e8-1e182f7b1159" testName="Cep: múltiplos formatos válidos(input: &quot;12345-678&quot;)" computerName="DESKTOP-N9MK9U5" duration="00:00:00.0000018" startTime="2026-08-17T12:48:31.2403688-03:00" endTime="2026-08-17T12:48:31.2404169-03:00" testType="13cdc9d9-ddb5-4fa4-a97d-d965ccfc6d4b" outcome="Passed" testListId="8c84fa94-04c1-424b-9868-57a2d4851a1d" relativeResultsDirectory="e6348683-c156-4333-83c3-7bdc30047bb2" />
    <UnitTestResult executionId="fc3d6f15-1399-49d2-9ecb-e7c52fd57bf8" testId="199a129e-e2e6-f2dc-39f8-f2917f0f5649" testName="LimparEspacos: remove espaços múltiplos(input: &quot;  inicio&quot;, esperado: &quot;inicio&quot;)" computerName="DESKTOP-N9MK9U5" duration="00:00:00.0001582" startTime="2026-08-17T12:48:31.2123593-03:00" endTime="2026-08-17T12:48:31.2123938-03:00" testType="13cdc9d9-ddb5-4fa4-a97d-d965ccfc6d4b" outcome="Passed" testListId="8c84fa94-04c1-424b-9868-57a2d4851a1d" relativeResultsDirectory="fc3d6f15-1399-49d2-9ecb-e7c52fd57bf8" />
    <UnitTestResult executionId="e001f4a3-e0cf-4f80-b456-3d25be609e56" testId="5994d68e-fe21-a1f7-09ac-6bfffb97a703" testName="Arquivo: tamanho exato 15MB" computerName="DESKTOP-N9MK9U5" duration="00:00:00.0000861" startTime="2026-08-17T12:48:31.2423976-03:00" endTime="2026-08-17T12:48:31.2424598-03:00" testType="13cdc9d9-ddb5-4fa4-a97d-d965ccfc6d4b" outcome="Passed" testListId="8c84fa94-04c1-424b-9868-57a2d4851a1d" relativeResultsDirectory="e001f4a3-e0cf-4f80-b456-3d25be609e56" />
    <UnitTestResult executionId="e3dcc53a-b0cb-4309-b16e-91fc4cf4263a" testId="480fc78e-4562-ceed-6ced-3ed274373999" testName="Cep: dígitos inválidos -&gt; CEP_DIGITOS(input: &quot;123&quot;)" computerName="DESKTOP-N9MK9U5" duration="00:00:00.0001201" startTime="2026-08-17T12:48:31.2587724-03:00" endTime="2026-08-17T12:48:31.2593761-03:00" testType="13cdc9d9-ddb5-4fa4-a97d-d965ccfc6d4b" outcome="Passed" testListId="8c84fa94-04c1-424b-9868-57a2d4851a1d" relativeResultsDirectory="e3dcc53a-b0cb-4309-b16e-91fc4cf4263a" />
    <UnitTestResult executionId="6052728a-6395-4fbe-811a-a6aef9ab4820" testId="aec7a62e-18b8-c6c6-0327-fb9834f06e25" testName="Email: múltiplos formatos válidos(input: &quot;admin@company.org&quot;)" computerName="DESKTOP-N9MK9U5" duration="00:00:00.0001323" startTime="2026-08-17T12:48:31.2331628-03:00" endTime="2026-08-17T12:48:31.2332065-03:00" testType="13cdc9d9-ddb5-4fa4-a97d-d965ccfc6d4b" outcome="Passed" testListId="8c84fa94-04c1-424b-9868-57a2d4851a1d" relativeResultsDirectory="6052728a-6395-4fbe-811a-a6aef9ab4820" />
    <UnitTestResult executionId="25814840-ba8c-4566-b834-f354db25e94a" testId="932c918f-f399-a803-a724-4b94a96576d5" testName="Telefone: múltiplos formatos(input: &quot;11987654321&quot;)" computerName="DESKTOP-N9MK9U5" duration="00:00:00.0001207" startTime="2026-08-17T12:48:31.2342760-03:00" endTime="2026-08-17T12:48:31.2343035-03:00" testType="13cdc9d9-ddb5-4fa4-a97d-d965ccfc6d4b" outcome="Passed" testListId="8c84fa94-04c1-424b-9868-57a2d4851a1d" relativeResultsDirectory="25814840-ba8c-4566-b834-f354db25e94a" />
    <UnitTestResult executionId="edeb4679-b0e7-489c-9707-88c41c270e2f" testId="67e32e95-2a36-9248-3149-27524890c7c5" testName="Aluno: senha inválida" computerName="DESKTOP-N9MK9U5" duration="00:00:00.0001614" startTime="2026-08-17T12:48:31.2658731-03:00" endTime="2026-08-17T12:48:31.2659329-03:00" testType="13cdc9d9-ddb5-4fa4-a97d-d965ccfc6d4b" outcome="Passed" testListId="8c84fa94-04c1-424b-9868-57a2d4851a1d" relativeResultsDirectory="edeb4679-b0e7-489c-9707-88c41c270e2f" />
    <UnitTestResult executionId="8925d158-0c6d-46ff-8723-c2f602e1e60c" testId="dbe06dbe-c86d-6615-7a25-3eb3af5fc1e1" testName="Cpf: nulo/vazio/espaços -&gt; CPF_OBRIGATORIO(input: null)" computerName="DESKTOP-N9MK9U5" duration="00:00:00.0006005" startTime="2026-08-17T12:48:31.2547102-03:00" endTime="2026-08-17T12:48:31.2559152-03:00" testType="13cdc9d9-ddb5-4fa4-a97d-d965ccfc6d4b" outcome="Passed" testListId="8c84fa94-04c1-424b-9868-57a2d4851a1d" relativeResultsDirectory="8925d158-0c6d-46ff-8723-c2f602e1e60c" />
    <UnitTestResult executionId="6dd9b91e-d894-488b-bae3-d70baf17d62e" testId="3fcf9d5d-494a-b531-cb0d-b9fa72639a42" testName="Colaborador: email inválido" computerName="DESKTOP-N9MK9U5" duration="00:00:00.0002104" startTime="2026-08-17T12:48:31.2386745-03:00" endTime="2026-08-17T12:48:31.2388665-03:00" testType="13cdc9d9-ddb5-4fa4-a97d-d965ccfc6d4b" outcome="Passed" testListId="8c84fa94-04c1-424b-9868-57a2d4851a1d" relativeResultsDirectory="6dd9b91e-d894-488b-bae3-d70baf17d62e" />
    <UnitTestResult executionId="8f45c0a3-230a-4bf0-abdd-9a1799b6095d" testId="cddc8402-860d-ee97-67a8-665139ffc68a" testName="Cep: múltiplos formatos válidos(input: &quot;01234567&quot;)" computerName="DESKTOP-N9MK9U5" duration="00:00:00.0000930" startTime="2026-08-17T12:48:31.2400937-03:00" endTime="2026-08-17T12:48:31.2401433-03:00" testType="13cdc9d9-ddb5-4fa4-a97d-d965ccfc6d4b" outcome="Passed" testListId="8c84fa94-04c1-424b-9868-57a2d4851a1d" relativeResultsDirectory="8f45c0a3-230a-4bf0-abdd-9a1799b6095d" />
    <UnitTestResult executionId="617c2016-d23f-4f7a-aeea-2c9c9fa3dce3" testId="ed29bc5b-97ae-4b19-97e6-ab05488c0e51" testName="LimparEDigitos: remove dígitos de uma string(input: &quot;nodigitos&quot;, esperado: &quot;nodigitos&quot;)" computerName="DESKTOP-N9MK9U5" duration="00:00:00.0001937" startTime="2026-08-17T12:48:31.2170756-03:00" endTime="2026-08-17T12:48:31.2175132-03:00" testType="13cdc9d9-ddb5-4fa4-a97d-d965ccfc6d4b" outcome="Failed" testListId="8c84fa94-04c1-424b-9868-57a2d4851a1d" relativeResultsDirectory="617c2016-d23f-4f7a-aeea-2c9c9fa3dce3">
      <Output>
        <ErrorInfo>
          <Message>Assert.Equal() Failure: Strings differ&#xD;
           ↓ (pos 0)&#xD;
Expected: "nodigitos"&#xD;
Actual:   ""</Message>
          <StackTrace>   at AcademiaDoZe.Domain.Tests.Services.NormalizacaoServiceTests.Deve_Limpar_Digitos(String input, String esperado) in C:\workplace\academiaZe\AcademiaDoZe.Domain.Tests\Services\NormalizacaoServiceTests.cs:line 57&#xD;
   at System.Reflection.MethodBaseInvoker.InterpretedInvoke_Method(Object obj, IntPtr* args)&#xD;
   at System.Reflection.MethodBaseInvoker.InvokeDirectByRefWithFewArgs(Object obj, Span`1 copyOfArgs, BindingFlags invokeAttr)</StackTrace>
        </ErrorInfo>
      </Output>
    </UnitTestResult>
    <UnitTestResult executionId="614d2587-62bd-4dd9-9b70-ddfe2daf8e4e" testId="45dfbec1-84f9-ac82-33be-3364bf39a9a0" testName="Colaborador: tipos diferentes (Atendente, Instrutor)(tipo: Atendente)" computerName="DESKTOP-N9MK9U5" duration="00:00:00.0003173" startTime="2026-08-17T12:48:31.2379786-03:00" endTime="2026-08-17T12:48:31.2383697-03:00" testType="13cdc9d9-ddb5-4fa4-a97d-d965ccfc6d4b" outcome="Passed" testListId="8c84fa94-04c1-424b-9868-57a2d4851a1d" relativeResultsDirectory="614d2587-62bd-4dd9-9b70-ddfe2daf8e4e" />
    <UnitTestResult executionId="bfc8b13a-fe46-4708-9a47-f81b89531153" testId="340e4824-ac3c-5102-8a0b-597de7a32aea" testName="Cpf: formatos válidos (com e sem pontuação)(input: &quot;529.982.247-25&quot;)" computerName="DESKTOP-N9MK9U5" duration="00:00:00.0001646" startTime="2026-08-17T12:48:31.2757891-03:00" endTime="2026-08-17T12:48:31.2758173-03:00" testType="13cdc9d9-ddb5-4fa4-a97d-d965ccfc6d4b" outcome="Passed" testListId="8c84fa94-04c1-424b-9868-57a2d4851a1d" relativeResultsDirectory="bfc8b13a-fe46-4708-9a47-f81b89531153" />
    <UnitTestResult executionId="8e2edc28-55f4-465c-9dad-643a33205807" testId="dc564af8-dd01-411a-f8be-06a150655897" testName="Matrícula: diferentes planos(plano: Semestral)" computerName="DESKTOP-N9MK9U5" duration="00:00:00.0001544" startTime="2026-08-17T12:48:31.2791890-03:00" endTime="2026-08-17T12:48:31.2805256-03:00" testType="13cdc9d9-ddb5-4fa4-a97d-d965ccfc6d4b" outcome="Failed" testListId="8c84fa94-04c1-424b-9868-57a2d4851a1d" relativeResultsDirectory="8e2edc28-55f4-465c-9dad-643a33205807">
      <Output>
        <ErrorInfo>
          <Message>Assert.True() Failure&#xD;
Expected: True&#xD;
Actual:   False</Message>
          <StackTrace>   at AcademiaDoZe.Domain.Tests.Entities.MatriculaTests.Deve_Criar_Matricula_Com_Diferentes_Planos(MatriculaPlano plano) in C:\workplace\academiaZe\AcademiaDoZe.Domain.Tests\Entities\MatriculaTests.cs:line 52&#xD;
   at InvokeStub_MatriculaTests.Deve_Criar_Matricula_Com_Diferentes_Planos(Object, Span`1)&#xD;
   at System.Reflection.MethodBaseInvoker.InvokeWithOneArg(Object obj, BindingFlags invokeAttr, Binder binder, Object[] parameters, CultureInfo culture)</StackTrace>
        </ErrorInfo>
      </Output>
    </UnitTestResult>
    <UnitTestResult executionId="1a75ca02-6487-4837-999e-ee9d69f0c950" testId="0f38d8b8-d9d4-b53c-a721-d8991635dcc5" testName="Aluno: múltiplas idades válidas(anosSubtrair: -50)" computerName="DESKTOP-N9MK9U5" duration="00:00:00.0001716" startTime="2026-08-17T12:48:31.2038188-03:00" endTime="2026-08-17T12:48:31.2038690-03:00" testType="13cdc9d9-ddb5-4fa4-a97d-d965ccfc6d4b" outcome="Passed" testListId="8c84fa94-04c1-424b-9868-57a2d4851a1d" relativeResultsDirectory="1a75ca02-6487-4837-999e-ee9d69f0c950" />
    <UnitTestResult executionId="f05aae87-ff4f-4e4a-b914-565540decb06" testId="38a83418-056e-d3b5-f1e7-6fedb7ce450d" testName="LimparEspacos: remove espaços múltiplos(input: &quot;  ambos  &quot;, esperado: &quot;ambos&quot;)" computerName="DESKTOP-N9MK9U5" duration="00:00:00.0001057" startTime="2026-08-17T12:48:31.2115070-03:00" endTime="2026-08-17T12:48:31.2122720-03:00" testType="13cdc9d9-ddb5-4fa4-a97d-d965ccfc6d4b" outcome="Passed" testListId="8c84fa94-04c1-424b-9868-57a2d4851a1d" relativeResultsDirectory="f05aae87-ff4f-4e4a-b914-565540decb06" />
    <UnitTestResult executionId="64037abd-81c5-4f9f-89a9-8faee8492f95" testId="2fe33a87-7e6f-046a-6106-89999f4a2a37" testName="Aluno: nome com diferentes formatos(nome: &quot;João da Silva&quot;)" computerName="DESKTOP-N9MK9U5" duration="00:00:00.0004126" startTime="2026-08-17T12:48:31.1628223-03:00" endTime="2026-08-17T12:48:31.1628546-03:00" testType="13cdc9d9-ddb5-4fa4-a97d-d965ccfc6d4b" outcome="Passed" testListId="8c84fa94-04c1-424b-9868-57a2d4851a1d" relativeResultsDirectory="64037abd-81c5-4f9f-89a9-8faee8492f95" />
    <UnitTestResult executionId="a677569c-3e84-443b-aac5-8fc4a17c532b" testId="2e80a384-3b29-f0b8-8fd7-b94226a29a68" testName="Aluno: nome com diferentes formatos(nome: &quot;MARIA SANTOS&quot;)" computerName="DESKTOP-N9MK9U5" duration="00:00:00.0000302" startTime="2026-08-17T12:48:31.1629069-03:00" endTime="2026-08-17T12:48:31.1629369-03:00" testType="13cdc9d9-ddb5-4fa4-a97d-d965ccfc6d4b" outcome="Passed" testListId="8c84fa94-04c1-424b-9868-57a2d4851a1d" relativeResultsDirectory="a677569c-3e84-443b-aac5-8fc4a17c532b" />
    <UnitTestResult executionId="9f26447d-22b7-45f1-ba01-51ad35fcf95b" testId="c53e3c09-8ef4-dab1-cf21-3e2de4486369" testName="AcessoAluno: 22h1min é inválido" computerName="DESKTOP-N9MK9U5" duration="00:00:00.0001285" startTime="2026-08-17T12:48:31.2593226-03:00" endTime="2026-08-17T12:48:31.2595562-03:00" testType="13cdc9d9-ddb5-4fa4-a97d-d965ccfc6d4b" outcome="Passed" testListId="8c84fa94-04c1-424b-9868-57a2d4851a1d" relativeResultsDirectory="9f26447d-22b7-45f1-ba01-51ad35fcf95b" />
    <UnitTestResult executionId="b12a2f86-f493-44f4-965a-d41f3b00bc48" testId="85275cce-81d0-a015-8f3b-cb18e2a2f07b" testName="Aluno: números de endereço(numero: &quot;999&quot;)" computerName="DESKTOP-N9MK9U5" duration="00:00:00.0001680" startTime="2026-08-17T12:48:31.2002539-03:00" endTime="2026-08-17T12:48:31.2002827-03:00" testType="13cdc9d9-ddb5-4fa4-a97d-d965ccfc6d4b" outcome="Passed" testListId="8c84fa94-04c1-424b-9868-57a2d4851a1d" relativeResultsDirectory="b12a2f86-f493-44f4-965a-d41f3b00bc48" />
    <UnitTestResult executionId="4b0b15d8-51ac-49e3-95ac-f535f4654b61" testId="56a61493-301b-bc9b-52df-ead2cdd39f1b" testName="Senha: validação de força(input: &quot;ABCDEF&quot;)" computerName="DESKTOP-N9MK9U5" duration="00:00:00.0000056" startTime="2026-08-17T12:48:31.2381784-03:00" endTime="2026-08-17T12:48:31.2382295-03:00" testType="13cdc9d9-ddb5-4fa4-a97d-d965ccfc6d4b" outcome="Passed" testListId="8c84fa94-04c1-424b-9868-57a2d4851a1d" relativeResultsDirectory="4b0b15d8-51ac-49e3-95ac-f535f4654b61" />
    <UnitTestResult executionId="82cb734c-408f-4c76-95df-829a0366cb93" testId="4ad4fb0b-f21a-7a4b-8a2e-5f1185563b65" testName="Cep: rejeita não-dígitos(input: &quot;12345-67a&quot;)" computerName="DESKTOP-N9MK9U5" duration="00:00:00.0001129" startTime="2026-08-17T12:48:31.2720411-03:00" endTime="2026-08-17T12:48:31.2720682-03:00" testType="13cdc9d9-ddb5-4fa4-a97d-d965ccfc6d4b" outcome="Passed" testListId="8c84fa94-04c1-424b-9868-57a2d4851a1d" relativeResultsDirectory="82cb734c-408f-4c76-95df-829a0366cb93" />
    <UnitTestResult executionId="f1a17bdd-2a64-41eb-875c-8f5102631ef6" testId="5f59c0c2-1afb-1594-bd44-fe5bb43b3109" testName="Aluno: validação de nome(nome: null)" computerName="DESKTOP-N9MK9U5" duration="00:00:00.0001549" startTime="2026-08-17T12:48:31.2649745-03:00" endTime="2026-08-17T12:48:31.2650157-03:00" testType="13cdc9d9-ddb5-4fa4-a97d-d965ccfc6d4b" outcome="Passed" testListId="8c84fa94-04c1-424b-9868-57a2d4851a1d" relativeResultsDirectory="f1a17bdd-2a64-41eb-875c-8f5102631ef6" />
    <UnitTestResult executionId="3ac595a2-9277-4855-a679-6e9c3cfdde2d" testId="e6d2687e-bbba-cafe-22a1-258b19d9f4ac" testName="Aluno: nome com diferentes formatos(nome: &quot;João&quot;)" computerName="DESKTOP-N9MK9U5" duration="00:00:00.0050665" startTime="2026-08-17T12:48:31.1627112-03:00" endTime="2026-08-17T12:48:31.1627481-03:00" testType="13cdc9d9-ddb5-4fa4-a97d-d965ccfc6d4b" outcome="Passed" testListId="8c84fa94-04c1-424b-9868-57a2d4851a1d" relativeResultsDirectory="3ac595a2-9277-4855-a679-6e9c3cfdde2d" />
    <UnitTestResult executionId="7c82fb1d-8993-4579-9cc5-a3ba6ef60f48" testId="0c937494-3108-628f-2290-0fff2fb97721" testName="ParaMaiusculo: normaliza para maiúsculas(input: &quot;texto&quot;, esperado: &quot;TEXTO&quot;)" computerName="DESKTOP-N9MK9U5" duration="00:00:00.0000819" startTime="2026-08-17T12:48:31.2104739-03:00" endTime="2026-08-17T12:48:31.2105215-03:00" testType="13cdc9d9-ddb5-4fa4-a97d-d965ccfc6d4b" outcome="Passed" testListId="8c84fa94-04c1-424b-9868-57a2d4851a1d" relativeResultsDirectory="7c82fb1d-8993-4579-9cc5-a3ba6ef60f48" />
    <UnitTestResult executionId="cf82348e-d5e4-4615-b69a-5de21a778a76" testId="5a85e7c4-1f19-7f22-e3f8-8d0a1d99f795" testName="Matrícula: aluno menor de 16 requer laudo médico" computerName="DESKTOP-N9MK9U5" duration="00:00:00.0002345" startTime="2026-08-17T12:48:31.2822286-03:00" endTime="2026-08-17T12:48:31.2823026-03:00" testType="13cdc9d9-ddb5-4fa4-a97d-d965ccfc6d4b" outcome="Passed" testListId="8c84fa94-04c1-424b-9868-57a2d4851a1d" relativeResultsDirectory="cf82348e-d5e4-4615-b69a-5de21a778a76" />
[...]
[xUnit.net 00:00:00.36]            at System.Reflection.MethodBaseInvoker.InvokeWithOneArg(Object obj, BindingFlags invokeAttr, Binder binder, Object[] parameters, CultureInfo culture)&#xD;
[xUnit.net 00:00:00.36]       Assert.True() Failure&#xD;
[xUnit.net 00:00:00.36]       Expected: True&#xD;
[xUnit.net 00:00:00.36]       Actual:   False&#xD;
[xUnit.net 00:00:00.36]       Stack Trace:&#xD;
[xUnit.net 00:00:00.36]         C:\workplace\academiaZe\AcademiaDoZe.Domain.Tests\Entities\AcessoAlunoTests.cs(45,0): at AcademiaDoZe.Domain.Tests.Entities.AcessoAlunoTests.Deve_Criar_AcessoAluno_Em_Horarios_Validos(Int32 hora)&#xD;
[xUnit.net 00:00:00.36]            at InvokeStub_AcessoAlunoTests.Deve_Criar_AcessoAluno_Em_Horarios_Validos(Object, Span`1)&#xD;
[xUnit.net 00:00:00.36]            at System.Reflection.MethodBaseInvoker.InvokeWithOneArg(Object obj, BindingFlags invokeAttr, Binder binder, Object[] parameters, CultureInfo culture)&#xD;
[xUnit.net 00:00:00.37]       Assert.True() Failure&#xD;
[xUnit.net 00:00:00.37]       Expected: True&#xD;
[xUnit.net 00:00:00.37]       Actual:   False&#xD;
[xUnit.net 00:00:00.37]       Stack Trace:&#xD;
[xUnit.net 00:00:00.37]         C:\workplace\academiaZe\AcademiaDoZe.Domain.Tests\Entities\AcessoAlunoTests.cs(45,0): at AcademiaDoZe.Domain.Tests.Entities.AcessoAlunoTests.Deve_Criar_AcessoAluno_Em_Horarios_Validos(Int32 hora)&#xD;
[xUnit.net 00:00:00.37]            at InvokeStub_AcessoAlunoTests.Deve_Criar_AcessoAluno_Em_Horarios_Validos(Object, Span`1)&#xD;
[xUnit.net 00:00:00.37]            at System.Reflection.MethodBaseInvoker.InvokeWithOneArg(Object obj, BindingFlags invokeAttr, Binder binder, Object[] parameters, CultureInfo culture)&#xD;
[xUnit.net 00:00:00.37]       Assert.True() Failure&#xD;
[xUnit.net 00:00:00.37]       Expected: True&#xD;
[xUnit.net 00:00:00.37]       Actual:   False&#xD;
[xUnit.net 00:00:00.37]       Stack Trace:&#xD;
[xUnit.net 00:00:00.37]         C:\workplace\academiaZe\AcademiaDoZe.Domain.Tests\Entities\AcessoAlunoTests.cs(14,0): at AcademiaDoZe.Domain.Tests.Entities.AcessoAlunoTests.Deve_Criar_AcessoAluno_Dentro_Do_Horario()&#xD;
[xUnit.net 00:00:00.37]            at System.Reflection.MethodBaseInvoker.InterpretedInvoke_Method(Object obj, IntPtr* args)&#xD;
[xUnit.net 00:00:00.37]            at System.Reflection.MethodBaseInvoker.InvokeWithNoArgs(Object obj, BindingFlags invokeAttr)&#xD;
[xUnit.net 00:00:00.37]       Assert.True() Failure&#xD;
[xUnit.net 00:00:00.37]       Expected: True&#xD;
[xUnit.net 00:00:00.37]       Actual:   False&#xD;
[xUnit.net 00:00:00.37]       Stack Trace:&#xD;
[xUnit.net 00:00:00.37]         C:\workplace\academiaZe\AcademiaDoZe.Domain.Tests\Entities\AcessoAlunoTests.cs(54,0): at AcademiaDoZe.Domain.Tests.Entities.AcessoAlunoTests.Deve_Criar_AcessoAluno_Exatamente_6h()&#xD;
[xUnit.net 00:00:00.37]            at System.Reflection.MethodBaseInvoker.InterpretedInvoke_Method(Object obj, IntPtr* args)&#xD;
[xUnit.net 00:00:00.37]            at System.Reflection.MethodBaseInvoker.InvokeWithNoArgs(Object obj, BindingFlags invokeAttr)&#xD;
[xUnit.net 00:00:00.37]       Assert.True() Failure&#xD;
[xUnit.net 00:00:00.37]       Expected: True&#xD;
[xUnit.net 00:00:00.37]       Actual:   False&#xD;
[xUnit.net 00:00:00.37]       Stack Trace:&#xD;
[xUnit.net 00:00:00.37]         C:\workplace\academiaZe\AcademiaDoZe.Domain.Tests\Entities\AcessoAlunoTests.cs(63,0): at AcademiaDoZe.Domain.Tests.Entities.AcessoAlunoTests.Deve_Criar_AcessoAluno_Exatamente_22h()&#xD;
[xUnit.net 00:00:00.37]            at System.Reflection.MethodBaseInvoker.InterpretedInvoke_Method(Object obj, IntPtr* args)&#xD;
[xUnit.net 00:00:00.37]            at System.Reflection.MethodBaseInvoker.InvokeWithNoArgs(Object obj, BindingFlags invokeAttr)&#xD;
[xUnit.net 00:00:00.37]       Assert.Contains() Failure: Filter not matched in collection&#xD;
[xUnit.net 00:00:00.37]       Collection: [Notification { Propriedade = Senha, Mensagem = SENHA_OBRIGATORIA }]&#xD;
[xUnit.net 00:00:00.37]       Stack Trace:&#xD;
[xUnit.net 00:00:00.37]         C:\workplace\academiaZe\AcademiaDoZe.Domain.Tests\ValueObjects\ValueObjectsTests.cs(151,0): at AcademiaDoZe.Domain.Tests.ValueObjects.ValueObjectsTests.Deve_Falhar_Criacao_Quando_SenhaNulaOuVazia(String input)&#xD;
[xUnit.net 00:00:00.37]            at System.Reflection.MethodBaseInvoker.InterpretedInvoke_Method(Object obj, IntPtr* args)&#xD;
[xUnit.net 00:00:00.37]            at System.Reflection.MethodBaseInvoker.InvokeDirectByRefWithFewArgs(Object obj, Span`1 copyOfArgs, BindingFlags invokeAttr)&#xD;
[xUnit.net 00:00:00.38]       Assert.Contains() Failure: Filter not matched in collection&#xD;
[xUnit.net 00:00:00.38]       Collection: [Notification { Propriedade = Senha, Mensagem = SENHA_OBRIGATORIA }]&#xD;
[xUnit.net 00:00:00.38]       Stack Trace:&#xD;
[xUnit.net 00:00:00.38]         C:\workplace\academiaZe\AcademiaDoZe.Domain.Tests\ValueObjects\ValueObjectsTests.cs(151,0): at AcademiaDoZe.Domain.Tests.ValueObjects.ValueObjectsTests.Deve_Falhar_Criacao_Quando_SenhaNulaOuVazia(String input)&#xD;
[xUnit.net 00:00:00.38]            at InvokeStub_ValueObjectsTests.Deve_Falhar_Criacao_Quando_SenhaNulaOuVazia(Object, Span`1)&#xD;
[xUnit.net 00:00:00.38]            at System.Reflection.MethodBaseInvoker.InvokeWithOneArg(Object obj, BindingFlags invokeAttr, Binder binder, Object[] parameters, CultureInfo culture)&#xD;
[xUnit.net 00:00:00.38]       Assert.Equal() Failure: Values differ&#xD;
[xUnit.net 00:00:00.38]       Expected: True&#xD;
[xUnit.net 00:00:00.38]       Actual:   False&#xD;
[xUnit.net 00:00:00.38]       Stack Trace:&#xD;
[xUnit.net 00:00:00.38]         C:\workplace\academiaZe\AcademiaDoZe.Domain.Tests\ValueObjects\ValueObjectsTests.cs(141,0): at AcademiaDoZe.Domain.Tests.ValueObjects.ValueObjectsTests.Deve_Validar_RequisitoUppercase_Senha(String senha, Boolean isSuccess)&#xD;
[xUnit.net 00:00:00.38]            at System.Reflection.MethodBaseInvoker.InterpretedInvoke_Method(Object obj, IntPtr* args)&#xD;
[xUnit.net 00:00:00.38]            at System.Reflection.MethodBaseInvoker.InvokeDirectByRefWithFewArgs(Object obj, Span`1 copyOfArgs, BindingFlags invokeAttr)&#xD;
[xUnit.net 00:00:00.38]       Assert.True() Failure&#xD;
[xUnit.net 00:00:00.38]       Expected: True&#xD;
[xUnit.net 00:00:00.38]       Actual:   False&#xD;
[xUnit.net 00:00:00.38]       Stack Trace:&#xD;
[xUnit.net 00:00:00.38]         C:\workplace\academiaZe\AcademiaDoZe.Domain.Tests\Entities\MatriculaTests.cs(22,0): at AcademiaDoZe.Domain.Tests.Entities.MatriculaTests.Deve_Criar_Matricula_Para_Aluno_Maior_Idade()&#xD;
[xUnit.net 00:00:00.38]            at System.Reflection.MethodBaseInvoker.InterpretedInvoke_Method(Object obj, IntPtr* args)&#xD;
[xUnit.net 00:00:00.38]            at System.Reflection.MethodBaseInvoker.InvokeWithNoArgs(Object obj, BindingFlags invokeAttr)&#xD;
[xUnit.net 00:00:00.38]       Assert.True() Failure&#xD;
[xUnit.net 00:00:00.38]       Expected: True&#xD;
[xUnit.net 00:00:00.38]       Actual:   False&#xD;
[xUnit.net 00:00:00.38]       Stack Trace:&#xD;
[xUnit.net 00:00:00.38]         C:\workplace\academiaZe\AcademiaDoZe.Domain.Tests\Entities\MatriculaTests.cs(61,0): at AcademiaDoZe.Domain.Tests.Entities.MatriculaTests.Deve_Calcular_DataFim_Corretamente_Plano_Mensal()&#xD;
[xUnit.net 00:00:00.38]            at System.Reflection.MethodBaseInvoker.InterpretedInvoke_Method(Object obj, IntPtr* args)&#xD;
[xUnit.net 00:00:00.38]            at System.Reflection.MethodBaseInvoker.InvokeWithNoArgs(Object obj, BindingFlags invokeAttr)&#xD;
[xUnit.net 00:00:00.38]       Assert.True() Failure&#xD;
[xUnit.net 00:00:00.38]       Expected: True&#xD;
[xUnit.net 00:00:00.38]       Actual:   False&#xD;
[xUnit.net 00:00:00.38]       Stack Trace:&#xD;
[xUnit.net 00:00:00.38]         C:\workplace\academiaZe\AcademiaDoZe.Domain.Tests\Entities\MatriculaTests.cs(52,0): at AcademiaDoZe.Domain.Tests.Entities.MatriculaTests.Deve_Criar_Matricula_Com_Diferentes_Planos(MatriculaPlano plano)&#xD;
[xUnit.net 00:00:00.38]            at System.Reflection.MethodBaseInvoker.InterpretedInvoke_Method(Object obj, IntPtr* args)&#xD;
[xUnit.net 00:00:00.38]            at System.Reflection.MethodBaseInvoker.InvokeDirectByRefWithFewArgs(Object obj, Span`1 copyOfArgs, BindingFlags invokeAttr)&#xD;
[xUnit.net 00:00:00.39]       Assert.True() Failure&#xD;
[xUnit.net 00:00:00.39]       Expected: True&#xD;
[xUnit.net 00:00:00.39]       Actual:   False&#xD;
[xUnit.net 00:00:00.39]       Stack Trace:&#xD;
[xUnit.net 00:00:00.39]         C:\workplace\academiaZe\AcademiaDoZe.Domain.Tests\Entities\MatriculaTests.cs(52,0): at AcademiaDoZe.Domain.Tests.Entities.MatriculaTests.Deve_Criar_Matricula_Com_Diferentes_Planos(MatriculaPlano plano)&#xD;
[xUnit.net 00:00:00.39]            at InvokeStub_MatriculaTests.Deve_Criar_Matricula_Com_Diferentes_Planos(Object, Span`1)&#xD;
[xUnit.net 00:00:00.39]            at System.Reflection.MethodBaseInvoker.InvokeWithOneArg(Object obj, BindingFlags invokeAttr, Binder binder, Object[] parameters, CultureInfo culture)&#xD;
[xUnit.net 00:00:00.39]       Assert.True() Failure&#xD;
[xUnit.net 00:00:00.39]       Expected: True&#xD;
[xUnit.net 00:00:00.39]       Actual:   False&#xD;
[xUnit.net 00:00:00.39]       Stack Trace:&#xD;
[xUnit.net 00:00:00.39]         C:\workplace\academiaZe\AcademiaDoZe.Domain.Tests\Entities\MatriculaTests.cs(52,0): at AcademiaDoZe.Domain.Tests.Entities.MatriculaTests.Deve_Criar_Matricula_Com_Diferentes_Planos(MatriculaPlano plano)&#xD;
[xUnit.net 00:00:00.39]            at InvokeStub_MatriculaTests.Deve_Criar_Matricula_Com_Diferentes_Planos(Object, Span`1)&#xD;
[xUnit.net 00:00:00.39]            at System.Reflection.MethodBaseInvoker.InvokeWithOneArg(Object obj, BindingFlags invokeAttr, Binder binder, Object[] parameters, CultureInfo culture)&#xD;
[xUnit.net 00:00:00.39]       Assert.True() Failure&#xD;
[xUnit.net 00:00:00.39]       Expected: True&#xD;
[xUnit.net 00:00:00.39]       Actual:   False&#xD;
[xUnit.net 00:00:00.39]       Stack Trace:&#xD;
[xUnit.net 00:00:00.39]         C:\workplace\academiaZe\AcademiaDoZe.Domain.Tests\Entities\MatriculaTests.cs(52,0): at AcademiaDoZe.Domain.Tests.Entities.MatriculaTests.Deve_Criar_Matricula_Com_Diferentes_Planos(MatriculaPlano plano)&#xD;
[xUnit.net 00:00:00.39]            at InvokeStub_MatriculaTests.Deve_Criar_Matricula_Com_Diferentes_Planos(Object, Span`1)&#xD;
[xUnit.net 00:00:00.39]            at System.Reflection.MethodBaseInvoker.InvokeWithOneArg(Object obj, BindingFlags invokeAttr, Binder binder, Object[] parameters, CultureInfo culture)&#xD;
[xUnit.net 00:00:00.39]       Assert.True() Failure&#xD;
[xUnit.net 00:00:00.39]       Expected: True&#xD;
[xUnit.net 00:00:00.39]       Actual:   False&#xD;
[xUnit.net 00:00:00.39]       Stack Trace:&#xD;
[xUnit.net 00:00:00.39]         C:\workplace\academiaZe\AcademiaDoZe.Domain.Tests\Entities\MatriculaTests.cs(93,0): at AcademiaDoZe.Domain.Tests.Entities.MatriculaTests.Deve_Calcular_DataFim_Corretamente_Plano_Trimestral()&#xD;
[xUnit.net 00:00:00.39]            at System.Reflection.MethodBaseInvoker.InterpretedInvoke_Method(Object obj, IntPtr* args)&#xD;
[xUnit.net 00:00:00.39]            at System.Reflection.MethodBaseInvoker.InvokeWithNoArgs(Object obj, BindingFlags invokeAttr)&#xD;
[xUnit.net 00:00:00.39]   Finished:    AcademiaDoZe.Domain.Tests&#xD;
</StdOut>
    </Output>
    <RunInfos>
      <RunInfo computerName="DESKTOP-N9MK9U5" outcome="Error" timestamp="2026-08-17T12:48:31.2430778-03:00">
        <Text>[xUnit.net 00:00:00.31]     Combinação de operações(input: "   Texto  MIXTO   123   ", esperado: "TEXTOXXMIXTO123") [FAIL]</Text>
      </RunInfo>
      <RunInfo computerName="DESKTOP-N9MK9U5" outcome="Error" timestamp="2026-08-17T12:48:31.2461804-03:00">
        <Text>[xUnit.net 00:00:00.32]     LimparTodosEspacos: remove todos os espaços(input: "texto com espacos", esperado: "textocomEspacos") [FAIL]</Text>
      </RunInfo>
      <RunInfo computerName="DESKTOP-N9MK9U5" outcome="Error" timestamp="2026-08-17T12:48:31.2468899-03:00">
        <Text>[xUnit.net 00:00:00.32]     AcessoColaborador: múltiplos horários(hora: 9) [FAIL]</Text>
      </RunInfo>
      <RunInfo computerName="DESKTOP-N9MK9U5" outcome="Error" timestamp="2026-08-17T12:48:31.2469744-03:00">
        <Text>[xUnit.net 00:00:00.32]     AcessoColaborador: múltiplos horários(hora: 7) [FAIL]</Text>
      </RunInfo>
      <RunInfo computerName="DESKTOP-N9MK9U5" outcome="Error" timestamp="2026-08-17T12:48:31.2470478-03:00">
        <Text>[xUnit.net 00:00:00.32]     AcessoColaborador: múltiplos horários(hora: 19) [FAIL]</Text>
      </RunInfo>
      <RunInfo computerName="DESKTOP-N9MK9U5" outcome="Error" timestamp="2026-08-17T12:48:31.2471448-03:00">
        <Text>[xUnit.net 00:00:00.32]     AcessoColaborador: múltiplos horários(hora: 14) [FAIL]</Text>
      </RunInfo>
      <RunInfo computerName="DESKTOP-N9MK9U5" outcome="Error" timestamp="2026-08-17T12:48:31.2472471-03:00">
        <Text>[xUnit.net 00:00:00.32]     AcessoColaborador: criação válida dentro do horário [FAIL]</Text>
      </RunInfo>
      <RunInfo computerName="DESKTOP-N9MK9U5" outcome="Error" timestamp="2026-08-17T12:48:31.2473367-03:00">
        <Text>[xUnit.net 00:00:00.32]     AcessoColaborador: horários válidos(hora: 18) [FAIL]</Text>
      </RunInfo>
      <RunInfo computerName="DESKTOP-N9MK9U5" outcome="Error" timestamp="2026-08-17T12:48:31.2550282-03:00">
        <Text>[xUnit.net 00:00:00.32]     AcessoColaborador: horários válidos(hora: 12) [FAIL]</Text>
      </RunInfo>
      <RunInfo computerName="DESKTOP-N9MK9U5" outcome="Error" timestamp="2026-08-17T12:48:31.2551189-03:00">
        <Text>[xUnit.net 00:00:00.32]     AcessoColaborador: horários válidos(hora: 21) [FAIL]</Text>
      </RunInfo>
      <RunInfo computerName="DESKTOP-N9MK9U5" outcome="Error" timestamp="2026-08-17T12:48:31.2551881-03:00">
        <Text>[xUnit.net 00:00:00.32]     AcessoColaborador: horários válidos(hora: 6) [FAIL]</Text>
      </RunInfo>
      <RunInfo computerName="DESKTOP-N9MK9U5" outcome="Error" timestamp="2026-08-17T12:48:31.2552540-03:00">
        <Text>[xUnit.net 00:00:00.32]     LimparEDigitos: remove dígitos de uma string(input: "nodigitos", esperado: "nodigitos") [FAIL]</Text>
      </RunInfo>
      <RunInfo computerName="DESKTOP-N9MK9U5" outcome="Error" timestamp="2026-08-17T12:48:31.2568591-03:00">
        <Text>[xUnit.net 00:00:00.33]     AcessoColaborador: exatamente às 22h é válido [FAIL]</Text>
      </RunInfo>
      <RunInfo computerName="DESKTOP-N9MK9U5" outcome="Error" timestamp="2026-08-17T12:48:31.2569392-03:00">
        <Text>[xUnit.net 00:00:00.33]     LimparEDigitos: remove dígitos de uma string(input: "123", esperado: "") [FAIL]</Text>
      </RunInfo>
      <RunInfo computerName="DESKTOP-N9MK9U5" outcome="Error" timestamp="2026-08-17T12:48:31.2570106-03:00">
        <Text>[xUnit.net 00:00:00.33]     LimparEDigitos: remove dígitos de uma string(input: "abc123def", esperado: "abcdef") [FAIL]</Text>
      </RunInfo>
      <RunInfo computerName="DESKTOP-N9MK9U5" outcome="Error" timestamp="2026-08-17T12:48:31.2571043-03:00">
        <Text>[xUnit.net 00:00:00.33]     AcessoColaborador: exatamente às 6h é válido [FAIL]</Text>
      </RunInfo>
      <RunInfo computerName="DESKTOP-N9MK9U5" outcome="Error" timestamp="2026-08-17T12:48:31.2604850-03:00">
        <Text>[xUnit.net 00:00:00.35]     LimparEDigitos: remove todos os números(input: "123abc456", esperado: "abc") [FAIL]</Text>
      </RunInfo>
      <RunInfo computerName="DESKTOP-N9MK9U5" outcome="Error" timestamp="2026-08-17T12:48:31.2606156-03:00">
        <Text>[xUnit.net 00:00:00.35]     LimparEDigitos: remove todos os números(input: "a1b2c3", esperado: "abc") [FAIL]</Text>
      </RunInfo>
      <RunInfo computerName="DESKTOP-N9MK9U5" outcome="Error" timestamp="2026-08-17T12:48:31.2607132-03:00">
        <Text>[xUnit.net 00:00:00.35]     LimparEDigitos: remove todos os números(input: "987654321", esperado: "") [FAIL]</Text>
      </RunInfo>
      <RunInfo computerName="DESKTOP-N9MK9U5" outcome="Error" timestamp="2026-08-17T12:48:31.2622368-03:00">
        <Text>[xUnit.net 00:00:00.36]     AcessoAluno: horários válidos(hora: 12) [FAIL]</Text>
      </RunInfo>
      <RunInfo computerName="DESKTOP-N9MK9U5" outcome="Error" timestamp="2026-08-17T12:48:31.2623273-03:00">
        <Text>[xUnit.net 00:00:00.36]     AcessoAluno: horários válidos(hora: 21) [FAIL]</Text>
      </RunInfo>
      <RunInfo computerName="DESKTOP-N9MK9U5" outcome="Error" timestamp="2026-08-17T12:48:31.2624733-03:00">
        <Text>[xUnit.net 00:00:00.36]     AcessoAluno: horários válidos(hora: 6) [FAIL]</Text>
      </RunInfo>
      <RunInfo computerName="DESKTOP-N9MK9U5" outcome="Error" timestamp="2026-08-17T12:48:31.2639986-03:00">
        <Text>[xUnit.net 00:00:00.37]     AcessoAluno: horários válidos(hora: 18) [FAIL]</Text>
      </RunInfo>
      <RunInfo computerName="DESKTOP-N9MK9U5" outcome="Error" timestamp="2026-08-17T12:48:31.2648663-03:00">
        <Text>[xUnit.net 00:00:00.37]     AcessoAluno: criação válida dentro do horário [FAIL]</Text>
      </RunInfo>
      <RunInfo computerName="DESKTOP-N9MK9U5" outcome="Error" timestamp="2026-08-17T12:48:31.2649500-03:00">
        <Text>[xUnit.net 00:00:00.37]     AcessoAluno: exatamente às 6h é válido [FAIL]</Text>
      </RunInfo>
      <RunInfo computerName="DESKTOP-N9MK9U5" outcome="Error" timestamp="2026-08-17T12:48:31.2650377-03:00">
        <Text>[xUnit.net 00:00:00.37]     AcessoAluno: exatamente às 22h é válido [FAIL]</Text>
      </RunInfo>
      <RunInfo computerName="DESKTOP-N9MK9U5" outcome="Error" timestamp="2026-08-17T12:48:31.2710526-03:00">
        <Text>[xUnit.net 00:00:00.37]     Senha: obrigatório -&gt; SENHA_OBRIGATORIO(input: "") [FAIL]</Text>
      </RunInfo>
      <RunInfo computerName="DESKTOP-N9MK9U5" outcome="Error" timestamp="2026-08-17T12:48:31.2716275-03:00">
        <Text>[xUnit.net 00:00:00.38]     Senha: obrigatório -&gt; SENHA_OBRIGATORIO(input: null) [FAIL]</Text>
      </RunInfo>
      <RunInfo computerName="DESKTOP-N9MK9U5" outcome="Error" timestamp="2026-08-17T12:48:31.2748357-03:00">
        <Text>[xUnit.net 00:00:00.38]     Senha: valida requisito de uppercase(senha: "Abcdef", isSuccess: True) [FAIL]</Text>
      </RunInfo>
      <RunInfo computerName="DESKTOP-N9MK9U5" outcome="Error" timestamp="2026-08-17T12:48:31.2749520-03:00">
        <Text>[xUnit.net 00:00:00.38]     Matrícula: criação válida para aluno maior de idade [FAIL]</Text>
      </RunInfo>
      <RunInfo computerName="DESKTOP-N9MK9U5" outcome="Error" timestamp="2026-08-17T12:48:31.2779090-03:00">
        <Text>[xUnit.net 00:00:00.38]     Matrícula: data fim calculada corretamente para plano mensal [FAIL]</Text>
      </RunInfo>
      <RunInfo computerName="DESKTOP-N9MK9U5" outcome="Error" timestamp="2026-08-17T12:48:31.2779940-03:00">
        <Text>[xUnit.net 00:00:00.38]     Matrícula: diferentes planos(plano: Anual) [FAIL]</Text>
      </RunInfo>
      <RunInfo computerName="DESKTOP-N9MK9U5" outcome="Error" timestamp="2026-08-17T12:48:31.2807658-03:00">
        <Text>[xUnit.net 00:00:00.39]     Matrícula: diferentes planos(plano: Trimestral) [FAIL]</Text>
      </RunInfo>
      <RunInfo computerName="DESKTOP-N9MK9U5" outcome="Error" timestamp="2026-08-17T12:48:31.2825562-03:00">
        <Text>[xUnit.net 00:00:00.39]     Matrícula: diferentes planos(plano: Semestral) [FAIL]</Text>
      </RunInfo>
      <RunInfo computerName="DESKTOP-N9MK9U5" outcome="Error" timestamp="2026-08-17T12:48:31.2826562-03:00">
        <Text>[xUnit.net 00:00:00.39]     Matrícula: diferentes planos(plano: Mensal) [FAIL]</Text>
      </RunInfo>
      <RunInfo computerName="DESKTOP-N9MK9U5" outcome="Error" timestamp="2026-08-17T12:48:31.2827465-03:00">
        <Text>[xUnit.net 00:00:00.39]     Matrícula: plano trimestral [FAIL]</Text>
      </RunInfo>
    </RunInfos>
  </ResultSummary>
</TestRun>